[ 2013-09-27T14:43:12+08:00 ] 0.0.0.0 /DM/index.php/Admin/Rbac/role.html
INFO: [ route_check ] --START--
INFO: CheckRoute Behavior ::run [ RunTime:0.000190s ]
INFO: [ route_check ] --END-- [ RunTime:0.000353s ]
INFO: [ app_begin ] --START--
INFO: ReadHtmlCache Behavior ::run [ RunTime:0.000227s ]
INFO: [ app_begin ] --END-- [ RunTime:0.000353s ]
SQL: SHOW COLUMNS FROM `think_role` [ RunTime:0.002667s ]
SQL: SELECT * FROM `think_role`  [ RunTime:0.000178s ]
INFO: [ view_parse ] --START--
INFO: ParseTemplate Behavior ::run [ RunTime:0.055923s ]
INFO: [ view_parse ] --END-- [ RunTime:0.056044s ]
INFO: [ view_filter ] --START--
INFO: ContentReplace Behavior ::run [ RunTime:0.000205s ]
INFO: TokenBuild Behavior ::run [ RunTime:0.000167s ]
INFO: WriteHtmlCache Behavior ::run [ RunTime:0.000096s ]
INFO: ShowRuntime Behavior ::run [ RunTime:0.000203s ]
INFO: [ view_filter ] --END-- [ RunTime:0.000911s ]
INFO: [ view_end ] --START--
INFO: ShowPageTrace Behavior ::run [ RunTime:0.000161s ]
INFO: [ view_end ] --END-- [ RunTime:0.000249s ]

[ 2013-09-27T14:43:13+08:00 ] 0.0.0.0 /DM/index.php/Admin/Rbac/node.html
INFO: [ route_check ] --START--
INFO: CheckRoute Behavior ::run [ RunTime:0.000184s ]
INFO: [ route_check ] --END-- [ RunTime:0.000322s ]
INFO: [ app_begin ] --START--
INFO: ReadHtmlCache Behavior ::run [ RunTime:0.000186s ]
INFO: [ app_begin ] --END-- [ RunTime:0.000289s ]
SQL: SHOW COLUMNS FROM `think_node` [ RunTime:0.002289s ]
SQL: SELECT * FROM `think_node` ORDER BY sort  [ RunTime:0.000308s ]
NOTIC: [8] Undefined index: pid /Applications/MAMP/htdocs/DM/Modules/Admin/Common/function.php 第 7 行.
NOTIC: [8] Undefined variable: node_merge /Applications/MAMP/htdocs/DM/Modules/Admin/Common/function.php 第 8 行.

[ 2013-09-27T14:43:40+08:00 ] 0.0.0.0 /DM/index.php/Admin/Rbac/role.html
INFO: [ route_check ] --START--
INFO: CheckRoute Behavior ::run [ RunTime:0.000186s ]
INFO: [ route_check ] --END-- [ RunTime:0.000309s ]
INFO: [ app_begin ] --START--
INFO: ReadHtmlCache Behavior ::run [ RunTime:0.000184s ]
INFO: [ app_begin ] --END-- [ RunTime:0.000280s ]
SQL: SHOW COLUMNS FROM `think_role` [ RunTime:0.015123s ]
SQL: SELECT * FROM `think_role`  [ RunTime:0.001989s ]
INFO: [ view_parse ] --START--
INFO: ParseTemplate Behavior ::run [ RunTime:0.015014s ]
INFO: [ view_parse ] --END-- [ RunTime:0.015144s ]
INFO: [ view_filter ] --START--
INFO: ContentReplace Behavior ::run [ RunTime:0.000200s ]
INFO: TokenBuild Behavior ::run [ RunTime:0.000185s ]
INFO: WriteHtmlCache Behavior ::run [ RunTime:0.000103s ]
INFO: ShowRuntime Behavior ::run [ RunTime:0.000208s ]
INFO: [ view_filter ] --END-- [ RunTime:0.000946s ]
INFO: [ view_end ] --START--
INFO: ShowPageTrace Behavior ::run [ RunTime:0.000187s ]
INFO: [ view_end ] --END-- [ RunTime:0.000286s ]

[ 2013-09-27T14:43:40+08:00 ] 0.0.0.0 /DM/index.php/Admin/Rbac/role.html
INFO: [ route_check ] --START--
INFO: CheckRoute Behavior ::run [ RunTime:0.000232s ]
INFO: [ route_check ] --END-- [ RunTime:0.000420s ]
INFO: [ app_begin ] --START--
INFO: ReadHtmlCache Behavior ::run [ RunTime:0.000218s ]
INFO: [ app_begin ] --END-- [ RunTime:0.000338s ]
SQL: SHOW COLUMNS FROM `think_role` [ RunTime:0.004037s ]
SQL: SELECT * FROM `think_role`  [ RunTime:0.000232s ]
INFO: [ view_parse ] --START--
INFO: ParseTemplate Behavior ::run [ RunTime:0.008059s ]
INFO: [ view_parse ] --END-- [ RunTime:0.008176s ]
INFO: [ view_filter ] --START--
INFO: ContentReplace Behavior ::run [ RunTime:0.000213s ]
INFO: TokenBuild Behavior ::run [ RunTime:0.000173s ]
INFO: WriteHtmlCache Behavior ::run [ RunTime:0.000099s ]
INFO: ShowRuntime Behavior ::run [ RunTime:0.000206s ]
INFO: [ view_filter ] --END-- [ RunTime:0.000934s ]
INFO: [ view_end ] --START--
INFO: ShowPageTrace Behavior ::run [ RunTime:0.000191s ]
INFO: [ view_end ] --END-- [ RunTime:0.000293s ]

[ 2013-09-27T14:43:51+08:00 ] 0.0.0.0 /DM/index.php/Admin/Index/index.html
INFO: [ route_check ] --START--
INFO: CheckRoute Behavior ::run [ RunTime:0.000193s ]
INFO: [ route_check ] --END-- [ RunTime:0.000334s ]
INFO: [ app_begin ] --START--
INFO: ReadHtmlCache Behavior ::run [ RunTime:0.000199s ]
INFO: [ app_begin ] --END-- [ RunTime:0.000309s ]
INFO: [ view_parse ] --START--
INFO: ParseTemplate Behavior ::run [ RunTime:0.030562s ]
INFO: [ view_parse ] --END-- [ RunTime:0.030708s ]
INFO: [ view_filter ] --START--
INFO: ContentReplace Behavior ::run [ RunTime:0.000269s ]
INFO: TokenBuild Behavior ::run [ RunTime:0.000179s ]
INFO: WriteHtmlCache Behavior ::run [ RunTime:0.000104s ]
INFO: ShowRuntime Behavior ::run [ RunTime:0.000214s ]
INFO: [ view_filter ] --END-- [ RunTime:0.001025s ]
INFO: [ view_end ] --START--
INFO: ShowPageTrace Behavior ::run [ RunTime:0.000181s ]
INFO: [ view_end ] --END-- [ RunTime:0.000276s ]

[ 2013-09-27T14:43:51+08:00 ] 0.0.0.0 /DM/index.php/Admin/Index/index.html
INFO: [ route_check ] --START--
INFO: CheckRoute Behavior ::run [ RunTime:0.000197s ]
INFO: [ route_check ] --END-- [ RunTime:0.000345s ]
INFO: [ app_begin ] --START--
INFO: ReadHtmlCache Behavior ::run [ RunTime:0.000196s ]
INFO: [ app_begin ] --END-- [ RunTime:0.000302s ]
INFO: [ view_parse ] --START--
INFO: ParseTemplate Behavior ::run [ RunTime:0.006192s ]
INFO: [ view_parse ] --END-- [ RunTime:0.006329s ]
INFO: [ view_filter ] --START--
INFO: ContentReplace Behavior ::run [ RunTime:0.000281s ]
INFO: TokenBuild Behavior ::run [ RunTime:0.000195s ]
INFO: WriteHtmlCache Behavior ::run [ RunTime:0.000101s ]
INFO: ShowRuntime Behavior ::run [ RunTime:0.000212s ]
INFO: [ view_filter ] --END-- [ RunTime:0.001041s ]
INFO: [ view_end ] --START--
INFO: ShowPageTrace Behavior ::run [ RunTime:0.000220s ]
INFO: [ view_end ] --END-- [ RunTime:0.000493s ]

[ 2013-09-27T14:47:42+08:00 ] 0.0.0.0 /DM/index.php/Admin/Rbac/node.html
INFO: [ route_check ] --START--
INFO: CheckRoute Behavior ::run [ RunTime:0.000212s ]
INFO: [ route_check ] --END-- [ RunTime:0.000353s ]
INFO: [ app_begin ] --START--
INFO: ReadHtmlCache Behavior ::run [ RunTime:0.000224s ]
INFO: [ app_begin ] --END-- [ RunTime:0.000348s ]
SQL: SHOW COLUMNS FROM `think_node` [ RunTime:0.002042s ]
SQL: SELECT * FROM `think_node` ORDER BY sort  [ RunTime:0.000213s ]
NOTIC: [8] Undefined index: pid /Applications/MAMP/htdocs/DM/Modules/Admin/Common/function.php 第 7 行.
NOTIC: [8] Undefined index: pid /Applications/MAMP/htdocs/DM/Modules/Admin/Common/function.php 第 7 行.
NOTIC: [8] Undefined index: pid /Applications/MAMP/htdocs/DM/Modules/Admin/Common/function.php 第 7 行.
NOTIC: [8] Undefined index: pid /Applications/MAMP/htdocs/DM/Modules/Admin/Common/function.php 第 7 行.
NOTIC: [8] Undefined index: pid /Applications/MAMP/htdocs/DM/Modules/Admin/Common/function.php 第 7 行.
NOTIC: [8] Undefined index: pid /Applications/MAMP/htdocs/DM/Modules/Admin/Common/function.php 第 7 行.
NOTIC: [8] Undefined index: pid /Applications/MAMP/htdocs/DM/Modules/Admin/Common/function.php 第 7 行.
NOTIC: [8] Undefined index: pid /Applications/MAMP/htdocs/DM/Modules/Admin/Common/function.php 第 7 行.
NOTIC: [8] Undefined index: pid /Applications/MAMP/htdocs/DM/Modules/Admin/Common/function.php 第 7 行.
NOTIC: [8] Undefined index: pid /Applications/MAMP/htdocs/DM/Modules/Admin/Common/function.php 第 7 行.
NOTIC: [8] Undefined index: pid /Applications/MAMP/htdocs/DM/Modules/Admin/Common/function.php 第 7 行.
NOTIC: [8] Undefined index: pid /Applications/MAMP/htdocs/DM/Modules/Admin/Common/function.php 第 7 行.

[ 2013-09-27T15:03:49+08:00 ] 0.0.0.0 /DM/index.php/Admin/Rbac/node.html
INFO: [ route_check ] --START--
INFO: CheckRoute Behavior ::run [ RunTime:0.000187s ]
INFO: [ route_check ] --END-- [ RunTime:0.000320s ]
INFO: [ app_begin ] --START--
INFO: ReadHtmlCache Behavior ::run [ RunTime:0.000234s ]
INFO: [ app_begin ] --END-- [ RunTime:0.000356s ]
SQL: SHOW COLUMNS FROM `think_node` [ RunTime:0.002797s ]
SQL: SELECT * FROM `think_node` ORDER BY sort  [ RunTime:0.000272s ]

[ 2013-09-27T15:24:09+08:00 ] 0.0.0.0 /DM/index.php/Admin/Index/index.html
INFO: [ route_check ] --START--
INFO: CheckRoute Behavior ::run [ RunTime:0.000185s ]
INFO: [ route_check ] --END-- [ RunTime:0.000318s ]
INFO: [ app_begin ] --START--
INFO: ReadHtmlCache Behavior ::run [ RunTime:0.000173s ]
INFO: [ app_begin ] --END-- [ RunTime:0.000264s ]
INFO: [ view_parse ] --START--
INFO: ParseTemplate Behavior ::run [ RunTime:0.006145s ]
INFO: [ view_parse ] --END-- [ RunTime:0.006277s ]
INFO: [ view_filter ] --START--
INFO: ContentReplace Behavior ::run [ RunTime:0.000239s ]
INFO: TokenBuild Behavior ::run [ RunTime:0.000170s ]
INFO: WriteHtmlCache Behavior ::run [ RunTime:0.000098s ]
INFO: ShowRuntime Behavior ::run [ RunTime:0.000209s ]
INFO: [ view_filter ] --END-- [ RunTime:0.000959s ]
INFO: [ view_end ] --START--
INFO: ShowPageTrace Behavior ::run [ RunTime:0.000161s ]
INFO: [ view_end ] --END-- [ RunTime:0.000250s ]

[ 2013-09-27T15:24:10+08:00 ] 0.0.0.0 /DM/index.php/Admin/Rbac/node.html
INFO: [ route_check ] --START--
INFO: CheckRoute Behavior ::run [ RunTime:0.000189s ]
INFO: [ route_check ] --END-- [ RunTime:0.000334s ]
INFO: [ app_begin ] --START--
INFO: ReadHtmlCache Behavior ::run [ RunTime:0.000200s ]
INFO: [ app_begin ] --END-- [ RunTime:0.000312s ]
SQL: SHOW COLUMNS FROM `think_node` [ RunTime:0.326329s ]
SQL: SELECT * FROM `think_node` ORDER BY sort  [ RunTime:0.000316s ]
INFO: [ view_parse ] --START--
INFO: ParseTemplate Behavior ::run [ RunTime:0.007892s ]
INFO: [ view_parse ] --END-- [ RunTime:0.008017s ]
INFO: [ view_filter ] --START--
INFO: ContentReplace Behavior ::run [ RunTime:0.000228s ]
INFO: TokenBuild Behavior ::run [ RunTime:0.000166s ]
INFO: WriteHtmlCache Behavior ::run [ RunTime:0.000093s ]
INFO: ShowRuntime Behavior ::run [ RunTime:0.000202s ]
INFO: [ view_filter ] --END-- [ RunTime:0.000932s ]
INFO: [ view_end ] --START--
INFO: ShowPageTrace Behavior ::run [ RunTime:0.000159s ]
INFO: [ view_end ] --END-- [ RunTime:0.000247s ]

[ 2013-09-27T15:49:22+08:00 ] 0.0.0.0 /DM/index.php/Admin/Rbac/node.html
INFO: [ route_check ] --START--
INFO: CheckRoute Behavior ::run [ RunTime:0.000823s ]
INFO: [ route_check ] --END-- [ RunTime:0.000975s ]
INFO: [ app_begin ] --START--
INFO: ReadHtmlCache Behavior ::run [ RunTime:0.000221s ]
INFO: [ app_begin ] --END-- [ RunTime:0.000328s ]
SQL: SHOW COLUMNS FROM `think_node` [ RunTime:0.002340s ]
SQL: SELECT * FROM `think_node` ORDER BY sort  [ RunTime:0.000191s ]
INFO: [ view_parse ] --START--
INFO: ParseTemplate Behavior ::run [ RunTime:0.014399s ]
INFO: [ view_parse ] --END-- [ RunTime:0.014526s ]
INFO: [ view_filter ] --START--
INFO: ContentReplace Behavior ::run [ RunTime:0.000439s ]
INFO: TokenBuild Behavior ::run [ RunTime:0.000202s ]
INFO: WriteHtmlCache Behavior ::run [ RunTime:0.000101s ]
INFO: ShowRuntime Behavior ::run [ RunTime:0.000233s ]
INFO: [ view_filter ] --END-- [ RunTime:0.001281s ]
INFO: [ view_end ] --START--
INFO: ShowPageTrace Behavior ::run [ RunTime:0.000178s ]
INFO: [ view_end ] --END-- [ RunTime:0.000276s ]

[ 2013-09-27T15:49:22+08:00 ] 0.0.0.0 /DM/index.php/Admin/Rbac/node.html
INFO: [ route_check ] --START--
INFO: CheckRoute Behavior ::run [ RunTime:0.000257s ]
INFO: [ route_check ] --END-- [ RunTime:0.000401s ]
INFO: [ app_begin ] --START--
INFO: ReadHtmlCache Behavior ::run [ RunTime:0.000190s ]
INFO: [ app_begin ] --END-- [ RunTime:0.000299s ]
SQL: SHOW COLUMNS FROM `think_node` [ RunTime:0.003192s ]
SQL: SELECT * FROM `think_node` ORDER BY sort  [ RunTime:0.000336s ]
INFO: [ view_parse ] --START--
INFO: ParseTemplate Behavior ::run [ RunTime:0.013482s ]
INFO: [ view_parse ] --END-- [ RunTime:0.013602s ]
INFO: [ view_filter ] --START--
INFO: ContentReplace Behavior ::run [ RunTime:0.000585s ]
INFO: TokenBuild Behavior ::run [ RunTime:0.000204s ]
INFO: WriteHtmlCache Behavior ::run [ RunTime:0.000106s ]
INFO: ShowRuntime Behavior ::run [ RunTime:0.000210s ]
INFO: [ view_filter ] --END-- [ RunTime:0.001567s ]
INFO: [ view_end ] --START--
INFO: ShowPageTrace Behavior ::run [ RunTime:0.000169s ]
INFO: [ view_end ] --END-- [ RunTime:0.000259s ]

[ 2013-09-27T15:49:26+08:00 ] 0.0.0.0 /DM/index.php/Admin/Rbac/addNode/pid/1/level/3.html
INFO: [ route_check ] --START--
INFO: CheckRoute Behavior ::run [ RunTime:0.000183s ]
INFO: [ route_check ] --END-- [ RunTime:0.000316s ]
INFO: [ app_begin ] --START--
INFO: ReadHtmlCache Behavior ::run [ RunTime:0.000175s ]
INFO: [ app_begin ] --END-- [ RunTime:0.000270s ]
INFO: [ view_parse ] --START--
INFO: ParseTemplate Behavior ::run [ RunTime:0.021220s ]
INFO: [ view_parse ] --END-- [ RunTime:0.021341s ]
INFO: [ view_filter ] --START--
INFO: ContentReplace Behavior ::run [ RunTime:0.000240s ]
INFO: TokenBuild Behavior ::run [ RunTime:0.000170s ]
INFO: WriteHtmlCache Behavior ::run [ RunTime:0.000099s ]
INFO: ShowRuntime Behavior ::run [ RunTime:0.000211s ]
INFO: [ view_filter ] --END-- [ RunTime:0.000968s ]
INFO: [ view_end ] --START--
INFO: ShowPageTrace Behavior ::run [ RunTime:0.000161s ]
INFO: [ view_end ] --END-- [ RunTime:0.000250s ]

[ 2013-09-27T15:56:34+08:00 ] 0.0.0.0 /DM/index.php/Admin/Rbac/node.html
INFO: [ route_check ] --START--
INFO: CheckRoute Behavior ::run [ RunTime:0.000181s ]
INFO: [ route_check ] --END-- [ RunTime:0.000309s ]
INFO: [ app_begin ] --START--
INFO: ReadHtmlCache Behavior ::run [ RunTime:0.000174s ]
INFO: [ app_begin ] --END-- [ RunTime:0.000267s ]
SQL: SHOW COLUMNS FROM `think_node` [ RunTime:0.002809s ]
SQL: SELECT * FROM `think_node` ORDER BY sort  [ RunTime:0.000373s ]
INFO: [ view_parse ] --START--
INFO: ParseTemplate Behavior ::run [ RunTime:0.010798s ]
INFO: [ view_parse ] --END-- [ RunTime:0.010920s ]
INFO: [ view_filter ] --START--
INFO: ContentReplace Behavior ::run [ RunTime:0.000238s ]
INFO: TokenBuild Behavior ::run [ RunTime:0.000178s ]
INFO: WriteHtmlCache Behavior ::run [ RunTime:0.000098s ]
INFO: ShowRuntime Behavior ::run [ RunTime:0.000211s ]
INFO: [ view_filter ] --END-- [ RunTime:0.000968s ]
INFO: [ view_end ] --START--
INFO: ShowPageTrace Behavior ::run [ RunTime:0.000162s ]
INFO: [ view_end ] --END-- [ RunTime:0.000250s ]

[ 2013-09-27T15:57:04+08:00 ] 0.0.0.0 /DM/index.php/Admin/Index/index.html
INFO: [ route_check ] --START--
INFO: CheckRoute Behavior ::run [ RunTime:0.000190s ]
INFO: [ route_check ] --END-- [ RunTime:0.000340s ]
INFO: [ app_begin ] --START--
INFO: ReadHtmlCache Behavior ::run [ RunTime:0.000188s ]
INFO: [ app_begin ] --END-- [ RunTime:0.000283s ]
INFO: [ view_parse ] --START--
INFO: ParseTemplate Behavior ::run [ RunTime:0.006328s ]
INFO: [ view_parse ] --END-- [ RunTime:0.006457s ]
INFO: [ view_filter ] --START--
INFO: ContentReplace Behavior ::run [ RunTime:0.000237s ]
INFO: TokenBuild Behavior ::run [ RunTime:0.000173s ]
INFO: WriteHtmlCache Behavior ::run [ RunTime:0.000101s ]
INFO: ShowRuntime Behavior ::run [ RunTime:0.000212s ]
INFO: [ view_filter ] --END-- [ RunTime:0.000967s ]
INFO: [ view_end ] --START--
INFO: ShowPageTrace Behavior ::run [ RunTime:0.000164s ]
INFO: [ view_end ] --END-- [ RunTime:0.000254s ]

[ 2013-09-27T15:57:05+08:00 ] 0.0.0.0 /DM/index.php/Admin/Rbac/node.html
INFO: [ route_check ] --START--
INFO: CheckRoute Behavior ::run [ RunTime:0.000181s ]
INFO: [ route_check ] --END-- [ RunTime:0.000312s ]
INFO: [ app_begin ] --START--
INFO: ReadHtmlCache Behavior ::run [ RunTime:0.000197s ]
INFO: [ app_begin ] --END-- [ RunTime:0.000322s ]
SQL: SHOW COLUMNS FROM `think_node` [ RunTime:0.009624s ]
SQL: SELECT * FROM `think_node` ORDER BY sort  [ RunTime:0.000278s ]
INFO: [ view_parse ] --START--
INFO: ParseTemplate Behavior ::run [ RunTime:0.010484s ]
INFO: [ view_parse ] --END-- [ RunTime:0.010608s ]
INFO: [ view_filter ] --START--
INFO: ContentReplace Behavior ::run [ RunTime:0.000240s ]
INFO: TokenBuild Behavior ::run [ RunTime:0.000178s ]
INFO: WriteHtmlCache Behavior ::run [ RunTime:0.000105s ]
INFO: ShowRuntime Behavior ::run [ RunTime:0.000208s ]
INFO: [ view_filter ] --END-- [ RunTime:0.000982s ]
INFO: [ view_end ] --START--
INFO: ShowPageTrace Behavior ::run [ RunTime:0.000180s ]
INFO: [ view_end ] --END-- [ RunTime:0.000276s ]

[ 2013-09-27T16:03:25+08:00 ] 0.0.0.0 /DM/index.php/Admin/Index/index.html
INFO: [ route_check ] --START--
INFO: CheckRoute Behavior ::run [ RunTime:0.000211s ]
INFO: [ route_check ] --END-- [ RunTime:0.000363s ]
INFO: [ app_begin ] --START--
INFO: ReadHtmlCache Behavior ::run [ RunTime:0.000193s ]
INFO: [ app_begin ] --END-- [ RunTime:0.000296s ]
INFO: [ view_parse ] --START--
INFO: ParseTemplate Behavior ::run [ RunTime:0.011419s ]
INFO: [ view_parse ] --END-- [ RunTime:0.011552s ]
INFO: [ view_filter ] --START--
INFO: ContentReplace Behavior ::run [ RunTime:0.000234s ]
INFO: TokenBuild Behavior ::run [ RunTime:0.000175s ]
INFO: WriteHtmlCache Behavior ::run [ RunTime:0.000099s ]
INFO: ShowRuntime Behavior ::run [ RunTime:0.000209s ]
INFO: [ view_filter ] --END-- [ RunTime:0.000969s ]
INFO: [ view_end ] --START--
INFO: ShowPageTrace Behavior ::run [ RunTime:0.000166s ]
INFO: [ view_end ] --END-- [ RunTime:0.000257s ]

[ 2013-09-27T16:03:27+08:00 ] 0.0.0.0 /DM/index.php/Admin/Rbac/node.html
INFO: [ route_check ] --START--
INFO: CheckRoute Behavior ::run [ RunTime:0.000173s ]
INFO: [ route_check ] --END-- [ RunTime:0.000304s ]
INFO: [ app_begin ] --START--
INFO: ReadHtmlCache Behavior ::run [ RunTime:0.000173s ]
INFO: [ app_begin ] --END-- [ RunTime:0.000267s ]
SQL: SHOW COLUMNS FROM `think_node` [ RunTime:0.002946s ]
SQL: SELECT * FROM `think_node` ORDER BY sort  [ RunTime:0.000260s ]
INFO: [ view_parse ] --START--
INFO: ParseTemplate Behavior ::run [ RunTime:0.010256s ]
INFO: [ view_parse ] --END-- [ RunTime:0.010374s ]
INFO: [ view_filter ] --START--
INFO: ContentReplace Behavior ::run [ RunTime:0.000209s ]
INFO: TokenBuild Behavior ::run [ RunTime:0.000162s ]
INFO: WriteHtmlCache Behavior ::run [ RunTime:0.000091s ]
INFO: ShowRuntime Behavior ::run [ RunTime:0.000202s ]
INFO: [ view_filter ] --END-- [ RunTime:0.000903s ]
INFO: [ view_end ] --START--
INFO: ShowPageTrace Behavior ::run [ RunTime:0.000158s ]
INFO: [ view_end ] --END-- [ RunTime:0.000246s ]

[ 2013-09-27T16:03:46+08:00 ] 0.0.0.0 /DM/index.php/Admin/Rbac/node.html
INFO: [ route_check ] --START--
INFO: CheckRoute Behavior ::run [ RunTime:0.000181s ]
INFO: [ route_check ] --END-- [ RunTime:0.000310s ]
INFO: [ app_begin ] --START--
INFO: ReadHtmlCache Behavior ::run [ RunTime:0.000175s ]
INFO: [ app_begin ] --END-- [ RunTime:0.000267s ]
SQL: SHOW COLUMNS FROM `think_node` [ RunTime:0.002637s ]
SQL: SELECT * FROM `think_node` ORDER BY sort  [ RunTime:0.000228s ]
INFO: [ view_parse ] --START--
INFO: ParseTemplate Behavior ::run [ RunTime:0.011066s ]
INFO: [ view_parse ] --END-- [ RunTime:0.011184s ]
INFO: [ view_filter ] --START--
INFO: ContentReplace Behavior ::run [ RunTime:0.000221s ]
INFO: TokenBuild Behavior ::run [ RunTime:0.000168s ]
INFO: WriteHtmlCache Behavior ::run [ RunTime:0.000096s ]
INFO: ShowRuntime Behavior ::run [ RunTime:0.000256s ]
INFO: [ view_filter ] --END-- [ RunTime:0.000988s ]
INFO: [ view_end ] --START--
INFO: ShowPageTrace Behavior ::run [ RunTime:0.000177s ]
INFO: [ view_end ] --END-- [ RunTime:0.000272s ]

[ 2013-09-27T16:03:56+08:00 ] 0.0.0.0 /DM/index.php/Admin/Index/index.html
INFO: [ route_check ] --START--
INFO: CheckRoute Behavior ::run [ RunTime:0.000220s ]
INFO: [ route_check ] --END-- [ RunTime:0.000365s ]
INFO: [ app_begin ] --START--
INFO: ReadHtmlCache Behavior ::run [ RunTime:0.000470s ]
INFO: [ app_begin ] --END-- [ RunTime:0.003973s ]
INFO: [ view_parse ] --START--
INFO: ParseTemplate Behavior ::run [ RunTime:0.010001s ]
INFO: [ view_parse ] --END-- [ RunTime:0.010183s ]
INFO: [ view_filter ] --START--
INFO: ContentReplace Behavior ::run [ RunTime:0.000216s ]
INFO: TokenBuild Behavior ::run [ RunTime:0.000169s ]
INFO: WriteHtmlCache Behavior ::run [ RunTime:0.000098s ]
INFO: ShowRuntime Behavior ::run [ RunTime:0.001747s ]
INFO: [ view_filter ] --END-- [ RunTime:0.002515s ]
INFO: [ view_end ] --START--
INFO: ShowPageTrace Behavior ::run [ RunTime:0.000234s ]
INFO: [ view_end ] --END-- [ RunTime:0.000332s ]

[ 2013-09-27T16:03:56+08:00 ] 0.0.0.0 /DM/index.php/Admin/Index/index.html
INFO: [ route_check ] --START--
INFO: CheckRoute Behavior ::run [ RunTime:0.000213s ]
INFO: [ route_check ] --END-- [ RunTime:0.000359s ]
INFO: [ app_begin ] --START--
INFO: ReadHtmlCache Behavior ::run [ RunTime:0.000222s ]
INFO: [ app_begin ] --END-- [ RunTime:0.000324s ]
INFO: [ view_parse ] --START--
INFO: ParseTemplate Behavior ::run [ RunTime:0.006064s ]
INFO: [ view_parse ] --END-- [ RunTime:0.006200s ]
INFO: [ view_filter ] --START--
INFO: ContentReplace Behavior ::run [ RunTime:0.000363s ]
INFO: TokenBuild Behavior ::run [ RunTime:0.000178s ]
INFO: WriteHtmlCache Behavior ::run [ RunTime:0.000106s ]
INFO: ShowRuntime Behavior ::run [ RunTime:0.000237s ]
INFO: [ view_filter ] --END-- [ RunTime:0.001446s ]
INFO: [ view_end ] --START--
INFO: ShowPageTrace Behavior ::run [ RunTime:0.000174s ]
INFO: [ view_end ] --END-- [ RunTime:0.000265s ]

[ 2013-09-27T16:03:56+08:00 ] 0.0.0.0 /DM/index.php/Admin/Rbac/node.html
INFO: [ route_check ] --START--
INFO: CheckRoute Behavior ::run [ RunTime:0.000171s ]
INFO: [ route_check ] --END-- [ RunTime:0.000300s ]
INFO: [ app_begin ] --START--
INFO: ReadHtmlCache Behavior ::run [ RunTime:0.000172s ]
INFO: [ app_begin ] --END-- [ RunTime:0.000264s ]
SQL: SHOW COLUMNS FROM `think_node` [ RunTime:0.003097s ]
SQL: SELECT * FROM `think_node` ORDER BY sort  [ RunTime:0.000252s ]
INFO: [ view_parse ] --START--
INFO: ParseTemplate Behavior ::run [ RunTime:0.010587s ]
INFO: [ view_parse ] --END-- [ RunTime:0.010717s ]
INFO: [ view_filter ] --START--
INFO: ContentReplace Behavior ::run [ RunTime:0.000226s ]
INFO: TokenBuild Behavior ::run [ RunTime:0.000169s ]
INFO: WriteHtmlCache Behavior ::run [ RunTime:0.000098s ]
INFO: ShowRuntime Behavior ::run [ RunTime:0.000213s ]
INFO: [ view_filter ] --END-- [ RunTime:0.000950s ]
INFO: [ view_end ] --START--
INFO: ShowPageTrace Behavior ::run [ RunTime:0.000160s ]
INFO: [ view_end ] --END-- [ RunTime:0.000259s ]

[ 2013-09-27T16:04:08+08:00 ] 0.0.0.0 /DM/index.php/Admin/Rbac/node.html
INFO: [ route_check ] --START--
INFO: CheckRoute Behavior ::run [ RunTime:0.000180s ]
INFO: [ route_check ] --END-- [ RunTime:0.000311s ]
INFO: [ app_begin ] --START--
INFO: ReadHtmlCache Behavior ::run [ RunTime:0.000180s ]
INFO: [ app_begin ] --END-- [ RunTime:0.000275s ]
SQL: SHOW COLUMNS FROM `think_node` [ RunTime:0.010232s ]
SQL: SELECT * FROM `think_node` ORDER BY sort  [ RunTime:0.000643s ]
INFO: [ view_parse ] --START--
INFO: ParseTemplate Behavior ::run [ RunTime:0.010278s ]
INFO: [ view_parse ] --END-- [ RunTime:0.010413s ]
INFO: [ view_filter ] --START--
INFO: ContentReplace Behavior ::run [ RunTime:0.000220s ]
INFO: TokenBuild Behavior ::run [ RunTime:0.000177s ]
INFO: WriteHtmlCache Behavior ::run [ RunTime:0.000104s ]
INFO: ShowRuntime Behavior ::run [ RunTime:0.000224s ]
INFO: [ view_filter ] --END-- [ RunTime:0.000987s ]
INFO: [ view_end ] --START--
INFO: ShowPageTrace Behavior ::run [ RunTime:0.000196s ]
INFO: [ view_end ] --END-- [ RunTime:0.000292s ]

[ 2013-09-27T16:06:14+08:00 ] 0.0.0.0 /DM/index.php/Admin/Rbac/node.html
INFO: [ route_check ] --START--
INFO: CheckRoute Behavior ::run [ RunTime:0.000182s ]
INFO: [ route_check ] --END-- [ RunTime:0.000311s ]
INFO: [ app_begin ] --START--
INFO: ReadHtmlCache Behavior ::run [ RunTime:0.000173s ]
INFO: [ app_begin ] --END-- [ RunTime:0.000263s ]
SQL: SHOW COLUMNS FROM `think_node` [ RunTime:0.002598s ]
SQL: SELECT * FROM `think_node` ORDER BY sort  [ RunTime:0.000335s ]
INFO: [ view_parse ] --START--
INFO: ParseTemplate Behavior ::run [ RunTime:0.010939s ]
INFO: [ view_parse ] --END-- [ RunTime:0.011060s ]
INFO: [ view_filter ] --START--
INFO: ContentReplace Behavior ::run [ RunTime:0.000231s ]
INFO: TokenBuild Behavior ::run [ RunTime:0.000171s ]
INFO: WriteHtmlCache Behavior ::run [ RunTime:0.000098s ]
INFO: ShowRuntime Behavior ::run [ RunTime:0.000210s ]
INFO: [ view_filter ] --END-- [ RunTime:0.000957s ]
INFO: [ view_end ] --START--
INFO: ShowPageTrace Behavior ::run [ RunTime:0.000167s ]
INFO: [ view_end ] --END-- [ RunTime:0.000257s ]

[ 2013-09-27T16:12:22+08:00 ] 0.0.0.0 /DM/index.php/Admin/Index/index.html
INFO: [ route_check ] --START--
INFO: CheckRoute Behavior ::run [ RunTime:0.000180s ]
INFO: [ route_check ] --END-- [ RunTime:0.000307s ]
INFO: [ app_begin ] --START--
INFO: ReadHtmlCache Behavior ::run [ RunTime:0.000254s ]
INFO: [ app_begin ] --END-- [ RunTime:0.000394s ]
INFO: [ view_parse ] --START--
INFO: ParseTemplate Behavior ::run [ RunTime:0.005566s ]
INFO: [ view_parse ] --END-- [ RunTime:0.005693s ]
INFO: [ view_filter ] --START--
INFO: ContentReplace Behavior ::run [ RunTime:0.000227s ]
INFO: TokenBuild Behavior ::run [ RunTime:0.000169s ]
INFO: WriteHtmlCache Behavior ::run [ RunTime:0.000099s ]
INFO: ShowRuntime Behavior ::run [ RunTime:0.000210s ]
INFO: [ view_filter ] --END-- [ RunTime:0.000947s ]
INFO: [ view_end ] --START--
INFO: ShowPageTrace Behavior ::run [ RunTime:0.000161s ]
INFO: [ view_end ] --END-- [ RunTime:0.000250s ]

[ 2013-09-27T16:12:25+08:00 ] 0.0.0.0 /DM/index.php/Admin/Rbac/node.html
INFO: [ route_check ] --START--
INFO: CheckRoute Behavior ::run [ RunTime:0.000193s ]
INFO: [ route_check ] --END-- [ RunTime:0.000358s ]
INFO: [ app_begin ] --START--
INFO: ReadHtmlCache Behavior ::run [ RunTime:0.000192s ]
INFO: [ app_begin ] --END-- [ RunTime:0.000293s ]
SQL: SHOW COLUMNS FROM `think_node` [ RunTime:0.002282s ]
SQL: SELECT * FROM `think_node` ORDER BY sort  [ RunTime:0.000251s ]
INFO: [ view_parse ] --START--
INFO: ParseTemplate Behavior ::run [ RunTime:0.010623s ]
INFO: [ view_parse ] --END-- [ RunTime:0.010752s ]
INFO: [ view_filter ] --START--
INFO: ContentReplace Behavior ::run [ RunTime:0.000216s ]
INFO: TokenBuild Behavior ::run [ RunTime:0.000172s ]
INFO: WriteHtmlCache Behavior ::run [ RunTime:0.000096s ]
INFO: ShowRuntime Behavior ::run [ RunTime:0.000210s ]
INFO: [ view_filter ] --END-- [ RunTime:0.000948s ]
INFO: [ view_end ] --START--
INFO: ShowPageTrace Behavior ::run [ RunTime:0.000178s ]
INFO: [ view_end ] --END-- [ RunTime:0.000272s ]

[ 2013-09-27T16:14:43+08:00 ] 0.0.0.0 /DM/index.php/Admin/Rbac/node.html
INFO: [ route_check ] --START--
INFO: CheckRoute Behavior ::run [ RunTime:0.000204s ]
INFO: [ route_check ] --END-- [ RunTime:0.000337s ]
INFO: [ app_begin ] --START--
INFO: ReadHtmlCache Behavior ::run [ RunTime:0.000175s ]
INFO: [ app_begin ] --END-- [ RunTime:0.000267s ]
SQL: SHOW COLUMNS FROM `think_node` [ RunTime:0.011931s ]
SQL: SELECT * FROM `think_node` ORDER BY sort  [ RunTime:0.000876s ]
INFO: [ view_parse ] --START--
INFO: ParseTemplate Behavior ::run [ RunTime:0.019457s ]
INFO: [ view_parse ] --END-- [ RunTime:0.019577s ]
INFO: [ view_filter ] --START--
INFO: ContentReplace Behavior ::run [ RunTime:0.000207s ]
INFO: TokenBuild Behavior ::run [ RunTime:0.000170s ]
INFO: WriteHtmlCache Behavior ::run [ RunTime:0.000102s ]
INFO: ShowRuntime Behavior ::run [ RunTime:0.000411s ]
INFO: [ view_filter ] --END-- [ RunTime:0.001141s ]
INFO: [ view_end ] --START--
INFO: ShowPageTrace Behavior ::run [ RunTime:0.000168s ]
INFO: [ view_end ] --END-- [ RunTime:0.000257s ]

[ 2013-09-27T16:14:43+08:00 ] 0.0.0.0 /DM/index.php/Admin/Rbac/node.html
INFO: [ route_check ] --START--
INFO: CheckRoute Behavior ::run [ RunTime:0.000190s ]
INFO: [ route_check ] --END-- [ RunTime:0.000328s ]
INFO: [ app_begin ] --START--
INFO: ReadHtmlCache Behavior ::run [ RunTime:0.000225s ]
INFO: [ app_begin ] --END-- [ RunTime:0.000352s ]
SQL: SHOW COLUMNS FROM `think_node` [ RunTime:0.001926s ]
SQL: SELECT * FROM `think_node` ORDER BY sort  [ RunTime:0.000311s ]
INFO: [ view_parse ] --START--
INFO: ParseTemplate Behavior ::run [ RunTime:0.015153s ]
INFO: [ view_parse ] --END-- [ RunTime:0.015281s ]
INFO: [ view_filter ] --START--
INFO: ContentReplace Behavior ::run [ RunTime:0.000250s ]
INFO: TokenBuild Behavior ::run [ RunTime:0.000177s ]
INFO: WriteHtmlCache Behavior ::run [ RunTime:0.000098s ]
INFO: ShowRuntime Behavior ::run [ RunTime:0.000358s ]
INFO: [ view_filter ] --END-- [ RunTime:0.001132s ]
INFO: [ view_end ] --START--
INFO: ShowPageTrace Behavior ::run [ RunTime:0.000180s ]
INFO: [ view_end ] --END-- [ RunTime:0.000270s ]

[ 2013-09-27T16:31:40+08:00 ] 0.0.0.0 /DM/index.php/Admin/Rbac/node.html
INFO: [ route_check ] --START--
INFO: CheckRoute Behavior ::run [ RunTime:0.000198s ]
INFO: [ route_check ] --END-- [ RunTime:0.000330s ]
INFO: [ app_begin ] --START--
INFO: ReadHtmlCache Behavior ::run [ RunTime:0.000176s ]
INFO: [ app_begin ] --END-- [ RunTime:0.000273s ]
SQL: SHOW COLUMNS FROM `think_node` [ RunTime:0.002822s ]
SQL: SELECT * FROM `think_node` ORDER BY sort  [ RunTime:0.000247s ]
INFO: [ view_parse ] --START--
INFO: ParseTemplate Behavior ::run [ RunTime:0.011983s ]
INFO: [ view_parse ] --END-- [ RunTime:0.012113s ]
INFO: [ view_filter ] --START--
INFO: ContentReplace Behavior ::run [ RunTime:0.000233s ]
INFO: TokenBuild Behavior ::run [ RunTime:0.000171s ]
INFO: WriteHtmlCache Behavior ::run [ RunTime:0.000097s ]
INFO: ShowRuntime Behavior ::run [ RunTime:0.000208s ]
INFO: [ view_filter ] --END-- [ RunTime:0.000949s ]
INFO: [ view_end ] --START--
INFO: ShowPageTrace Behavior ::run [ RunTime:0.000162s ]
INFO: [ view_end ] --END-- [ RunTime:0.000250s ]

[ 2013-09-27T16:33:52+08:00 ] 0.0.0.0 /DM/index.php/Admin/Rbac/node.html
INFO: [ route_check ] --START--
INFO: CheckRoute Behavior ::run [ RunTime:0.000182s ]
INFO: [ route_check ] --END-- [ RunTime:0.000313s ]
INFO: [ app_begin ] --START--
INFO: ReadHtmlCache Behavior ::run [ RunTime:0.000176s ]
INFO: [ app_begin ] --END-- [ RunTime:0.000267s ]
SQL: SHOW COLUMNS FROM `think_node` [ RunTime:0.002554s ]
SQL: SELECT * FROM `think_node` ORDER BY sort  [ RunTime:0.000232s ]
INFO: [ view_parse ] --START--
INFO: ParseTemplate Behavior ::run [ RunTime:0.011533s ]
INFO: [ view_parse ] --END-- [ RunTime:0.011659s ]
INFO: [ view_filter ] --START--
INFO: ContentReplace Behavior ::run [ RunTime:0.000238s ]
INFO: TokenBuild Behavior ::run [ RunTime:0.000231s ]
INFO: WriteHtmlCache Behavior ::run [ RunTime:0.000127s ]
INFO: ShowRuntime Behavior ::run [ RunTime:0.000270s ]
INFO: [ view_filter ] --END-- [ RunTime:0.001162s ]
INFO: [ view_end ] --START--
INFO: ShowPageTrace Behavior ::run [ RunTime:0.000217s ]
INFO: [ view_end ] --END-- [ RunTime:0.000320s ]

[ 2013-09-27T16:35:14+08:00 ] 0.0.0.0 /DM/index.php/Admin/Rbac/node.html
INFO: [ route_check ] --START--
INFO: CheckRoute Behavior ::run [ RunTime:0.000186s ]
INFO: [ route_check ] --END-- [ RunTime:0.000320s ]
INFO: [ app_begin ] --START--
INFO: ReadHtmlCache Behavior ::run [ RunTime:0.000176s ]
INFO: [ app_begin ] --END-- [ RunTime:0.000269s ]
SQL: SHOW COLUMNS FROM `think_node` [ RunTime:0.002568s ]
SQL: SELECT * FROM `think_node` ORDER BY sort  [ RunTime:0.000268s ]
INFO: [ view_parse ] --START--
INFO: ParseTemplate Behavior ::run [ RunTime:0.011138s ]
INFO: [ view_parse ] --END-- [ RunTime:0.011277s ]
INFO: [ view_filter ] --START--
INFO: ContentReplace Behavior ::run [ RunTime:0.000262s ]
INFO: TokenBuild Behavior ::run [ RunTime:0.000225s ]
INFO: WriteHtmlCache Behavior ::run [ RunTime:0.000114s ]
INFO: ShowRuntime Behavior ::run [ RunTime:0.000248s ]
INFO: [ view_filter ] --END-- [ RunTime:0.001126s ]
INFO: [ view_end ] --START--
INFO: ShowPageTrace Behavior ::run [ RunTime:0.000173s ]
INFO: [ view_end ] --END-- [ RunTime:0.000262s ]

[ 2013-09-27T16:35:22+08:00 ] 0.0.0.0 /DM/index.php/Admin/Rbac/addNode/pid/1/level/3.html
INFO: [ route_check ] --START--
INFO: CheckRoute Behavior ::run [ RunTime:0.000213s ]
INFO: [ route_check ] --END-- [ RunTime:0.000359s ]
INFO: [ app_begin ] --START--
INFO: ReadHtmlCache Behavior ::run [ RunTime:0.000203s ]
INFO: [ app_begin ] --END-- [ RunTime:0.000313s ]
INFO: [ view_parse ] --START--
INFO: ParseTemplate Behavior ::run [ RunTime:0.005158s ]
INFO: [ view_parse ] --END-- [ RunTime:0.005291s ]
INFO: [ view_filter ] --START--
INFO: ContentReplace Behavior ::run [ RunTime:0.000216s ]
INFO: TokenBuild Behavior ::run [ RunTime:0.000169s ]
INFO: WriteHtmlCache Behavior ::run [ RunTime:0.000099s ]
INFO: ShowRuntime Behavior ::run [ RunTime:0.000208s ]
INFO: [ view_filter ] --END-- [ RunTime:0.000935s ]
INFO: [ view_end ] --START--
INFO: ShowPageTrace Behavior ::run [ RunTime:0.000165s ]
INFO: [ view_end ] --END-- [ RunTime:0.000256s ]

[ 2013-09-27T16:35:40+08:00 ] 0.0.0.0 /DM/index.php/Admin/Rbac/addNodeHandle.html
INFO: [ route_check ] --START--
INFO: CheckRoute Behavior ::run [ RunTime:0.000722s ]
INFO: [ route_check ] --END-- [ RunTime:0.001516s ]
INFO: [ app_begin ] --START--
INFO: ReadHtmlCache Behavior ::run [ RunTime:0.000204s ]
INFO: [ app_begin ] --END-- [ RunTime:0.000325s ]
SQL: SHOW COLUMNS FROM `think_node` [ RunTime:0.005126s ]
SQL: INSERT INTO `think_node` (`name`,`title`,`status`,`sort`,`pid`,`level`) VALUES ('node','节点列表',1,1,1,3) [ RunTime:0.000255s ]
INFO: [ view_parse ] --START--
INFO: ParseTemplate Behavior ::run [ RunTime:0.005038s ]
INFO: [ view_parse ] --END-- [ RunTime:0.005255s ]
INFO: [ view_filter ] --START--
INFO: ContentReplace Behavior ::run [ RunTime:0.000239s ]
INFO: TokenBuild Behavior ::run [ RunTime:0.000188s ]
INFO: WriteHtmlCache Behavior ::run [ RunTime:0.000109s ]
INFO: ShowRuntime Behavior ::run [ RunTime:0.000233s ]
INFO: [ view_filter ] --END-- [ RunTime:0.001053s ]
INFO: [ view_end ] --START--
INFO: ShowPageTrace Behavior ::run [ RunTime:0.000187s ]
INFO: [ view_end ] --END-- [ RunTime:0.000277s ]

[ 2013-09-27T16:35:40+08:00 ] 0.0.0.0 /DM/index.php/Admin/Rbac/addNodeHandle.html
INFO: [ route_check ] --START--
INFO: CheckRoute Behavior ::run [ RunTime:0.000231s ]
INFO: [ route_check ] --END-- [ RunTime:0.000371s ]
INFO: [ app_begin ] --START--
INFO: ReadHtmlCache Behavior ::run [ RunTime:0.000202s ]
INFO: [ app_begin ] --END-- [ RunTime:0.000323s ]
SQL: SHOW COLUMNS FROM `think_node` [ RunTime:0.002629s ]
SQL: INSERT INTO `think_node` (`name`,`title`,`status`,`sort`,`pid`,`level`) VALUES ('node','节点列表',1,1,1,3) [ RunTime:0.000238s ]
INFO: [ view_parse ] --START--
INFO: ParseTemplate Behavior ::run [ RunTime:0.007251s ]
INFO: [ view_parse ] --END-- [ RunTime:0.007391s ]
INFO: [ view_filter ] --START--
INFO: ContentReplace Behavior ::run [ RunTime:0.000276s ]
INFO: TokenBuild Behavior ::run [ RunTime:0.000179s ]
INFO: WriteHtmlCache Behavior ::run [ RunTime:0.000098s ]
INFO: ShowRuntime Behavior ::run [ RunTime:0.000214s ]
INFO: [ view_filter ] --END-- [ RunTime:0.001017s ]
INFO: [ view_end ] --START--
INFO: ShowPageTrace Behavior ::run [ RunTime:0.000197s ]
INFO: [ view_end ] --END-- [ RunTime:0.000730s ]

[ 2013-09-27T16:35:41+08:00 ] 0.0.0.0 /DM/index.php/Admin/Rbac/node.html
INFO: [ route_check ] --START--
INFO: CheckRoute Behavior ::run [ RunTime:0.000187s ]
INFO: [ route_check ] --END-- [ RunTime:0.000325s ]
INFO: [ app_begin ] --START--
INFO: ReadHtmlCache Behavior ::run [ RunTime:0.000178s ]
INFO: [ app_begin ] --END-- [ RunTime:0.000274s ]
SQL: SHOW COLUMNS FROM `think_node` [ RunTime:0.002953s ]
SQL: SELECT * FROM `think_node` ORDER BY sort  [ RunTime:0.000352s ]
INFO: [ view_parse ] --START--
INFO: ParseTemplate Behavior ::run [ RunTime:0.011368s ]
INFO: [ view_parse ] --END-- [ RunTime:0.011523s ]
INFO: [ view_filter ] --START--
INFO: ContentReplace Behavior ::run [ RunTime:0.000242s ]
INFO: TokenBuild Behavior ::run [ RunTime:0.000168s ]
INFO: WriteHtmlCache Behavior ::run [ RunTime:0.000092s ]
INFO: ShowRuntime Behavior ::run [ RunTime:0.000204s ]
INFO: [ view_filter ] --END-- [ RunTime:0.000954s ]
INFO: [ view_end ] --START--
INFO: ShowPageTrace Behavior ::run [ RunTime:0.000158s ]
INFO: [ view_end ] --END-- [ RunTime:0.000246s ]

[ 2013-09-27T16:35:43+08:00 ] 0.0.0.0 /DM/index.php/Admin/Rbac/node.html
INFO: [ route_check ] --START--
INFO: CheckRoute Behavior ::run [ RunTime:0.000175s ]
INFO: [ route_check ] --END-- [ RunTime:0.000307s ]
INFO: [ app_begin ] --START--
INFO: ReadHtmlCache Behavior ::run [ RunTime:0.000177s ]
INFO: [ app_begin ] --END-- [ RunTime:0.000272s ]
SQL: SHOW COLUMNS FROM `think_node` [ RunTime:0.003506s ]
SQL: SELECT * FROM `think_node` ORDER BY sort  [ RunTime:0.000215s ]
INFO: [ view_parse ] --START--
INFO: ParseTemplate Behavior ::run [ RunTime:0.011178s ]
INFO: [ view_parse ] --END-- [ RunTime:0.011489s ]
INFO: [ view_filter ] --START--
INFO: ContentReplace Behavior ::run [ RunTime:0.000250s ]
INFO: TokenBuild Behavior ::run [ RunTime:0.000168s ]
INFO: WriteHtmlCache Behavior ::run [ RunTime:0.000093s ]
INFO: ShowRuntime Behavior ::run [ RunTime:0.000341s ]
INFO: [ view_filter ] --END-- [ RunTime:0.001097s ]
INFO: [ view_end ] --START--
INFO: ShowPageTrace Behavior ::run [ RunTime:0.000176s ]
INFO: [ view_end ] --END-- [ RunTime:0.000291s ]

[ 2013-09-27T16:36:43+08:00 ] 0.0.0.0 /DM/index.php/Admin/Rbac/node.html
INFO: [ route_check ] --START--
INFO: CheckRoute Behavior ::run [ RunTime:0.000195s ]
INFO: [ route_check ] --END-- [ RunTime:0.000333s ]
INFO: [ app_begin ] --START--
INFO: ReadHtmlCache Behavior ::run [ RunTime:0.000183s ]
INFO: [ app_begin ] --END-- [ RunTime:0.000281s ]
SQL: SHOW COLUMNS FROM `think_node` [ RunTime:0.003889s ]
SQL: SELECT * FROM `think_node` ORDER BY sort  [ RunTime:0.000301s ]
INFO: [ view_parse ] --START--
INFO: ParseTemplate Behavior ::run [ RunTime:0.011130s ]
INFO: [ view_parse ] --END-- [ RunTime:0.011251s ]
INFO: [ view_filter ] --START--
INFO: ContentReplace Behavior ::run [ RunTime:0.000225s ]
INFO: TokenBuild Behavior ::run [ RunTime:0.000169s ]
INFO: WriteHtmlCache Behavior ::run [ RunTime:0.000097s ]
INFO: ShowRuntime Behavior ::run [ RunTime:0.000208s ]
INFO: [ view_filter ] --END-- [ RunTime:0.000937s ]
INFO: [ view_end ] --START--
INFO: ShowPageTrace Behavior ::run [ RunTime:0.000169s ]
INFO: [ view_end ] --END-- [ RunTime:0.000258s ]

[ 2013-09-27T16:37:32+08:00 ] 0.0.0.0 /DM/index.php/Admin/Rbac/node.html
INFO: [ route_check ] --START--
INFO: CheckRoute Behavior ::run [ RunTime:0.000190s ]
INFO: [ route_check ] --END-- [ RunTime:0.000325s ]
INFO: [ app_begin ] --START--
INFO: ReadHtmlCache Behavior ::run [ RunTime:0.000197s ]
INFO: [ app_begin ] --END-- [ RunTime:0.001302s ]
SQL: SHOW COLUMNS FROM `think_node` [ RunTime:0.004657s ]
SQL: SELECT * FROM `think_node` ORDER BY sort  [ RunTime:0.000241s ]

[ 2013-09-27T16:37:32+08:00 ] 0.0.0.0 /DM/index.php/Admin/Rbac/node.html
INFO: [ route_check ] --START--
INFO: CheckRoute Behavior ::run [ RunTime:0.000209s ]
INFO: [ route_check ] --END-- [ RunTime:0.000351s ]
INFO: [ app_begin ] --START--
INFO: ReadHtmlCache Behavior ::run [ RunTime:0.000226s ]
INFO: [ app_begin ] --END-- [ RunTime:0.000417s ]
SQL: SHOW COLUMNS FROM `think_node` [ RunTime:0.012452s ]
SQL: SELECT * FROM `think_node` ORDER BY sort  [ RunTime:0.000176s ]

[ 2013-09-27T16:38:36+08:00 ] 0.0.0.0 /DM/index.php/Admin/Rbac/node.html
INFO: [ route_check ] --START--
INFO: CheckRoute Behavior ::run [ RunTime:0.000259s ]
INFO: [ route_check ] --END-- [ RunTime:0.000430s ]
INFO: [ app_begin ] --START--
INFO: ReadHtmlCache Behavior ::run [ RunTime:0.000353s ]
INFO: [ app_begin ] --END-- [ RunTime:0.000501s ]
SQL: SHOW COLUMNS FROM `think_node` [ RunTime:0.126412s ]
SQL: SELECT * FROM `think_node` ORDER BY sort  [ RunTime:0.000457s ]

[ 2013-09-27T16:38:36+08:00 ] 0.0.0.0 /DM/index.php/Admin/Rbac/node.html
INFO: [ route_check ] --START--
INFO: CheckRoute Behavior ::run [ RunTime:0.000206s ]
INFO: [ route_check ] --END-- [ RunTime:0.000505s ]
INFO: [ app_begin ] --START--
INFO: ReadHtmlCache Behavior ::run [ RunTime:0.003269s ]
INFO: [ app_begin ] --END-- [ RunTime:0.003417s ]
SQL: SHOW COLUMNS FROM `think_node` [ RunTime:0.148031s ]
SQL: SELECT * FROM `think_node` ORDER BY sort  [ RunTime:0.000329s ]

[ 2013-09-27T16:40:42+08:00 ] 0.0.0.0 /DM/index.php/Admin/Rbac/node.html
INFO: [ route_check ] --START--
INFO: CheckRoute Behavior ::run [ RunTime:0.000212s ]
INFO: [ route_check ] --END-- [ RunTime:0.000359s ]
INFO: [ app_begin ] --START--
INFO: ReadHtmlCache Behavior ::run [ RunTime:0.000198s ]
INFO: [ app_begin ] --END-- [ RunTime:0.000312s ]
SQL: SHOW COLUMNS FROM `think_node` [ RunTime:0.002648s ]
SQL: SELECT * FROM `think_node` ORDER BY sort  [ RunTime:0.000217s ]

[ 2013-09-27T16:40:44+08:00 ] 0.0.0.0 /DM/index.php/Admin/Rbac/node.html
INFO: [ route_check ] --START--
INFO: CheckRoute Behavior ::run [ RunTime:0.000189s ]
INFO: [ route_check ] --END-- [ RunTime:0.000326s ]
INFO: [ app_begin ] --START--
INFO: ReadHtmlCache Behavior ::run [ RunTime:0.000205s ]
INFO: [ app_begin ] --END-- [ RunTime:0.000315s ]
SQL: SHOW COLUMNS FROM `think_node` [ RunTime:0.002820s ]
SQL: SELECT * FROM `think_node` ORDER BY sort  [ RunTime:0.000261s ]

[ 2013-09-27T16:40:48+08:00 ] 0.0.0.0 /DM/index.php/Admin/Index/index.html
INFO: [ route_check ] --START--
INFO: CheckRoute Behavior ::run [ RunTime:0.000180s ]
INFO: [ route_check ] --END-- [ RunTime:0.000310s ]
INFO: [ app_begin ] --START--
INFO: ReadHtmlCache Behavior ::run [ RunTime:0.000175s ]
INFO: [ app_begin ] --END-- [ RunTime:0.000269s ]
INFO: [ view_parse ] --START--
INFO: ParseTemplate Behavior ::run [ RunTime:0.005619s ]
INFO: [ view_parse ] --END-- [ RunTime:0.005754s ]
INFO: [ view_filter ] --START--
INFO: ContentReplace Behavior ::run [ RunTime:0.000215s ]
INFO: TokenBuild Behavior ::run [ RunTime:0.000168s ]
INFO: WriteHtmlCache Behavior ::run [ RunTime:0.000099s ]
INFO: ShowRuntime Behavior ::run [ RunTime:0.000381s ]
INFO: [ view_filter ] --END-- [ RunTime:0.001132s ]
INFO: [ view_end ] --START--
INFO: ShowPageTrace Behavior ::run [ RunTime:0.000167s ]
INFO: [ view_end ] --END-- [ RunTime:0.000257s ]

[ 2013-09-27T16:40:49+08:00 ] 0.0.0.0 /DM/index.php/Admin/Rbac/node.html
INFO: [ route_check ] --START--
INFO: CheckRoute Behavior ::run [ RunTime:0.000182s ]
INFO: [ route_check ] --END-- [ RunTime:0.000315s ]
INFO: [ app_begin ] --START--
INFO: ReadHtmlCache Behavior ::run [ RunTime:0.000196s ]
INFO: [ app_begin ] --END-- [ RunTime:0.000307s ]
SQL: SHOW COLUMNS FROM `think_node` [ RunTime:0.002618s ]
SQL: SELECT * FROM `think_node` ORDER BY sort  [ RunTime:0.000261s ]

[ 2013-09-27T17:00:16+08:00 ] 0.0.0.0 /DM/index.php/Admin
INFO: [ route_check ] --START--
INFO: CheckRoute Behavior ::run [ RunTime:0.000199s ]
INFO: [ route_check ] --END-- [ RunTime:0.000339s ]
INFO: [ app_begin ] --START--
INFO: ReadHtmlCache Behavior ::run [ RunTime:0.000240s ]
INFO: [ app_begin ] --END-- [ RunTime:0.000481s ]
INFO: [ view_parse ] --START--
INFO: ParseTemplate Behavior ::run [ RunTime:0.006787s ]
INFO: [ view_parse ] --END-- [ RunTime:0.006926s ]
INFO: [ view_filter ] --START--
INFO: ContentReplace Behavior ::run [ RunTime:0.000261s ]
INFO: TokenBuild Behavior ::run [ RunTime:0.000177s ]
INFO: WriteHtmlCache Behavior ::run [ RunTime:0.000103s ]
INFO: ShowRuntime Behavior ::run [ RunTime:0.000219s ]
INFO: [ view_filter ] --END-- [ RunTime:0.001010s ]
INFO: [ view_end ] --START--
INFO: ShowPageTrace Behavior ::run [ RunTime:0.000190s ]
INFO: [ view_end ] --END-- [ RunTime:0.000403s ]

[ 2013-09-27T17:01:38+08:00 ] 0.0.0.0 /DM/index.php/Admin/Rbac/node.html
INFO: [ route_check ] --START--
INFO: CheckRoute Behavior ::run [ RunTime:0.000181s ]
INFO: [ route_check ] --END-- [ RunTime:0.000312s ]
INFO: [ app_begin ] --START--
INFO: ReadHtmlCache Behavior ::run [ RunTime:0.000172s ]
INFO: [ app_begin ] --END-- [ RunTime:0.000264s ]
SQL: SHOW COLUMNS FROM `think_node` [ RunTime:0.002843s ]
SQL: SELECT * FROM `think_node` ORDER BY sort  [ RunTime:0.000225s ]

[ 2013-09-27T17:03:04+08:00 ] 0.0.0.0 /DM/index.php/Admin/Rbac/node.html
INFO: [ route_check ] --START--
INFO: CheckRoute Behavior ::run [ RunTime:0.000179s ]
INFO: [ route_check ] --END-- [ RunTime:0.000307s ]
INFO: [ app_begin ] --START--
INFO: ReadHtmlCache Behavior ::run [ RunTime:0.000209s ]
INFO: [ app_begin ] --END-- [ RunTime:0.000328s ]
SQL: SHOW COLUMNS FROM `think_node` [ RunTime:0.002819s ]
SQL: SELECT * FROM `think_node` ORDER BY sort  [ RunTime:0.000244s ]

[ 2013-09-27T17:03:36+08:00 ] 0.0.0.0 /DM/index.php/Admin/Rbac/node.html
INFO: [ route_check ] --START--
INFO: CheckRoute Behavior ::run [ RunTime:0.000186s ]
INFO: [ route_check ] --END-- [ RunTime:0.000315s ]
INFO: [ app_begin ] --START--
INFO: ReadHtmlCache Behavior ::run [ RunTime:0.000173s ]
INFO: [ app_begin ] --END-- [ RunTime:0.000264s ]
SQL: SHOW COLUMNS FROM `think_node` [ RunTime:0.002337s ]
SQL: SELECT * FROM `think_node` ORDER BY sort  [ RunTime:0.000257s ]
INFO: [ view_parse ] --START--
INFO: ParseTemplate Behavior ::run [ RunTime:0.013202s ]
INFO: [ view_parse ] --END-- [ RunTime:0.013328s ]
INFO: [ view_filter ] --START--
INFO: ContentReplace Behavior ::run [ RunTime:0.000238s ]
INFO: TokenBuild Behavior ::run [ RunTime:0.000174s ]
INFO: WriteHtmlCache Behavior ::run [ RunTime:0.000100s ]
INFO: ShowRuntime Behavior ::run [ RunTime:0.000224s ]
INFO: [ view_filter ] --END-- [ RunTime:0.000996s ]
INFO: [ view_end ] --START--
INFO: ShowPageTrace Behavior ::run [ RunTime:0.000176s ]
INFO: [ view_end ] --END-- [ RunTime:0.000268s ]

[ 2013-09-27T17:04:29+08:00 ] 0.0.0.0 /DM/index.php/Admin/Rbac/role.html
INFO: [ route_check ] --START--
INFO: CheckRoute Behavior ::run [ RunTime:0.000187s ]
INFO: [ route_check ] --END-- [ RunTime:0.000324s ]
INFO: [ app_begin ] --START--
INFO: ReadHtmlCache Behavior ::run [ RunTime:0.000180s ]
INFO: [ app_begin ] --END-- [ RunTime:0.000274s ]
SQL: SHOW COLUMNS FROM `think_role` [ RunTime:0.051514s ]
SQL: SELECT * FROM `think_role`  [ RunTime:0.000207s ]
INFO: [ view_parse ] --START--
INFO: ParseTemplate Behavior ::run [ RunTime:0.088184s ]
INFO: [ view_parse ] --END-- [ RunTime:0.088315s ]
INFO: [ view_filter ] --START--
INFO: ContentReplace Behavior ::run [ RunTime:0.000216s ]
INFO: TokenBuild Behavior ::run [ RunTime:0.000169s ]
INFO: WriteHtmlCache Behavior ::run [ RunTime:0.000097s ]
INFO: ShowRuntime Behavior ::run [ RunTime:0.000204s ]
INFO: [ view_filter ] --END-- [ RunTime:0.000927s ]
INFO: [ view_end ] --START--
INFO: ShowPageTrace Behavior ::run [ RunTime:0.000167s ]
INFO: [ view_end ] --END-- [ RunTime:0.000256s ]

[ 2013-09-27T17:04:30+08:00 ] 0.0.0.0 /DM/index.php/Admin/Rbac/node.html
INFO: [ route_check ] --START--
INFO: CheckRoute Behavior ::run [ RunTime:0.000181s ]
INFO: [ route_check ] --END-- [ RunTime:0.000310s ]
INFO: [ app_begin ] --START--
INFO: ReadHtmlCache Behavior ::run [ RunTime:0.000173s ]
INFO: [ app_begin ] --END-- [ RunTime:0.000263s ]
SQL: SHOW COLUMNS FROM `think_node` [ RunTime:0.054922s ]
SQL: SELECT * FROM `think_node` ORDER BY sort  [ RunTime:0.001471s ]
INFO: [ view_parse ] --START--
INFO: ParseTemplate Behavior ::run [ RunTime:0.013009s ]
INFO: [ view_parse ] --END-- [ RunTime:0.013143s ]
INFO: [ view_filter ] --START--
INFO: ContentReplace Behavior ::run [ RunTime:0.000252s ]
INFO: TokenBuild Behavior ::run [ RunTime:0.000423s ]
INFO: WriteHtmlCache Behavior ::run [ RunTime:0.000117s ]
INFO: ShowRuntime Behavior ::run [ RunTime:0.000256s ]
INFO: [ view_filter ] --END-- [ RunTime:0.001946s ]
INFO: [ view_end ] --START--
INFO: ShowPageTrace Behavior ::run [ RunTime:0.000179s ]
INFO: [ view_end ] --END-- [ RunTime:0.000269s ]

[ 2013-09-27T17:04:30+08:00 ] 0.0.0.0 /DM/index.php/Admin/Rbac/node.html
INFO: [ route_check ] --START--
INFO: CheckRoute Behavior ::run [ RunTime:0.000188s ]
INFO: [ route_check ] --END-- [ RunTime:0.000328s ]
INFO: [ app_begin ] --START--
INFO: ReadHtmlCache Behavior ::run [ RunTime:0.000218s ]
INFO: [ app_begin ] --END-- [ RunTime:0.000335s ]
SQL: SHOW COLUMNS FROM `think_node` [ RunTime:0.061802s ]
SQL: SELECT * FROM `think_node` ORDER BY sort  [ RunTime:0.001714s ]
INFO: [ view_parse ] --START--
INFO: ParseTemplate Behavior ::run [ RunTime:0.134565s ]
INFO: [ view_parse ] --END-- [ RunTime:0.134695s ]
INFO: [ view_filter ] --START--
INFO: ContentReplace Behavior ::run [ RunTime:0.000238s ]
INFO: TokenBuild Behavior ::run [ RunTime:0.000181s ]
INFO: WriteHtmlCache Behavior ::run [ RunTime:0.000098s ]
INFO: ShowRuntime Behavior ::run [ RunTime:0.000212s ]
INFO: [ view_filter ] --END-- [ RunTime:0.000986s ]
INFO: [ view_end ] --START--
INFO: ShowPageTrace Behavior ::run [ RunTime:0.000177s ]
INFO: [ view_end ] --END-- [ RunTime:0.000424s ]

[ 2013-09-27T17:05:13+08:00 ] 0.0.0.0 /DM/index.php/Admin/Rbac/node.html
INFO: [ route_check ] --START--
INFO: CheckRoute Behavior ::run [ RunTime:0.000204s ]
INFO: [ route_check ] --END-- [ RunTime:0.000362s ]
INFO: [ app_begin ] --START--
INFO: ReadHtmlCache Behavior ::run [ RunTime:0.000179s ]
INFO: [ app_begin ] --END-- [ RunTime:0.000274s ]
SQL: SHOW COLUMNS FROM `think_node` [ RunTime:0.002592s ]
SQL: SELECT * FROM `think_node` ORDER BY sort  [ RunTime:0.000243s ]
INFO: [ view_parse ] --START--
INFO: ParseTemplate Behavior ::run [ RunTime:0.010721s ]
INFO: [ view_parse ] --END-- [ RunTime:0.010850s ]
INFO: [ view_filter ] --START--
INFO: ContentReplace Behavior ::run [ RunTime:0.000275s ]
INFO: TokenBuild Behavior ::run [ RunTime:0.000180s ]
INFO: WriteHtmlCache Behavior ::run [ RunTime:0.000102s ]
INFO: ShowRuntime Behavior ::run [ RunTime:0.000214s ]
INFO: [ view_filter ] --END-- [ RunTime:0.001022s ]
INFO: [ view_end ] --START--
INFO: ShowPageTrace Behavior ::run [ RunTime:0.000176s ]
INFO: [ view_end ] --END-- [ RunTime:0.000267s ]

[ 2013-09-27T17:05:25+08:00 ] 0.0.0.0 /DM/index.php/Admin/Rbac/addNode/pid/5/level/3.html
INFO: [ route_check ] --START--
INFO: CheckRoute Behavior ::run [ RunTime:0.000182s ]
INFO: [ route_check ] --END-- [ RunTime:0.000312s ]
INFO: [ app_begin ] --START--
INFO: ReadHtmlCache Behavior ::run [ RunTime:0.000176s ]
INFO: [ app_begin ] --END-- [ RunTime:0.000269s ]
INFO: [ view_parse ] --START--
INFO: ParseTemplate Behavior ::run [ RunTime:0.004371s ]
INFO: [ view_parse ] --END-- [ RunTime:0.004494s ]
INFO: [ view_filter ] --START--
INFO: ContentReplace Behavior ::run [ RunTime:0.000212s ]
INFO: TokenBuild Behavior ::run [ RunTime:0.000169s ]
INFO: WriteHtmlCache Behavior ::run [ RunTime:0.000099s ]
INFO: ShowRuntime Behavior ::run [ RunTime:0.000207s ]
INFO: [ view_filter ] --END-- [ RunTime:0.000930s ]
INFO: [ view_end ] --START--
INFO: ShowPageTrace Behavior ::run [ RunTime:0.000162s ]
INFO: [ view_end ] --END-- [ RunTime:0.000251s ]

[ 2013-09-27T17:05:51+08:00 ] 0.0.0.0 /DM/index.php/Admin/Rbac/addNodeHandle.html
INFO: [ route_check ] --START--
INFO: CheckRoute Behavior ::run [ RunTime:0.000296s ]
INFO: [ route_check ] --END-- [ RunTime:0.000443s ]
INFO: [ app_begin ] --START--
INFO: ReadHtmlCache Behavior ::run [ RunTime:0.000181s ]
INFO: [ app_begin ] --END-- [ RunTime:0.000276s ]
SQL: SHOW COLUMNS FROM `think_node` [ RunTime:0.002661s ]
SQL: INSERT INTO `think_node` (`name`,`title`,`status`,`sort`,`pid`,`level`) VALUES ('addNode','添加节点',1,1,5,3) [ RunTime:0.000256s ]
INFO: [ view_parse ] --START--
INFO: ParseTemplate Behavior ::run [ RunTime:0.004209s ]
INFO: [ view_parse ] --END-- [ RunTime:0.004331s ]
INFO: [ view_filter ] --START--
INFO: ContentReplace Behavior ::run [ RunTime:0.000209s ]
INFO: TokenBuild Behavior ::run [ RunTime:0.000172s ]
INFO: WriteHtmlCache Behavior ::run [ RunTime:0.000096s ]
INFO: ShowRuntime Behavior ::run [ RunTime:0.000318s ]
INFO: [ view_filter ] --END-- [ RunTime:0.001041s ]
INFO: [ view_end ] --START--
INFO: ShowPageTrace Behavior ::run [ RunTime:0.000179s ]
INFO: [ view_end ] --END-- [ RunTime:0.000276s ]

[ 2013-09-27T17:05:53+08:00 ] 0.0.0.0 /DM/index.php/Admin/Rbac/node.html
INFO: [ route_check ] --START--
INFO: CheckRoute Behavior ::run [ RunTime:0.000183s ]
INFO: [ route_check ] --END-- [ RunTime:0.000322s ]
INFO: [ app_begin ] --START--
INFO: ReadHtmlCache Behavior ::run [ RunTime:0.000169s ]
INFO: [ app_begin ] --END-- [ RunTime:0.000261s ]
SQL: SHOW COLUMNS FROM `think_node` [ RunTime:0.003114s ]
SQL: SELECT * FROM `think_node` ORDER BY sort  [ RunTime:0.000311s ]
INFO: [ view_parse ] --START--
INFO: ParseTemplate Behavior ::run [ RunTime:0.014933s ]
INFO: [ view_parse ] --END-- [ RunTime:0.015095s ]
INFO: [ view_filter ] --START--
INFO: ContentReplace Behavior ::run [ RunTime:0.000275s ]
INFO: TokenBuild Behavior ::run [ RunTime:0.000179s ]
INFO: WriteHtmlCache Behavior ::run [ RunTime:0.000097s ]
INFO: ShowRuntime Behavior ::run [ RunTime:0.000699s ]
INFO: [ view_filter ] --END-- [ RunTime:0.001551s ]
INFO: [ view_end ] --START--
INFO: ShowPageTrace Behavior ::run [ RunTime:0.000214s ]
INFO: [ view_end ] --END-- [ RunTime:0.000311s ]

[ 2013-09-27T17:05:59+08:00 ] 0.0.0.0 /DM/index.php/Admin/Rbac/addNode/pid/5/level/3.html
INFO: [ route_check ] --START--
INFO: CheckRoute Behavior ::run [ RunTime:0.000189s ]
INFO: [ route_check ] --END-- [ RunTime:0.000320s ]
INFO: [ app_begin ] --START--
INFO: ReadHtmlCache Behavior ::run [ RunTime:0.000176s ]
INFO: [ app_begin ] --END-- [ RunTime:0.000270s ]
INFO: [ view_parse ] --START--
INFO: ParseTemplate Behavior ::run [ RunTime:0.004486s ]
INFO: [ view_parse ] --END-- [ RunTime:0.004603s ]
INFO: [ view_filter ] --START--
INFO: ContentReplace Behavior ::run [ RunTime:0.000201s ]
INFO: TokenBuild Behavior ::run [ RunTime:0.000167s ]
INFO: WriteHtmlCache Behavior ::run [ RunTime:0.000100s ]
INFO: ShowRuntime Behavior ::run [ RunTime:0.000209s ]
INFO: [ view_filter ] --END-- [ RunTime:0.000917s ]
INFO: [ view_end ] --START--
INFO: ShowPageTrace Behavior ::run [ RunTime:0.000165s ]
INFO: [ view_end ] --END-- [ RunTime:0.000254s ]

[ 2013-09-27T17:06:15+08:00 ] 0.0.0.0 /DM/index.php/Admin/Rbac/addNodeHandle.html
INFO: [ route_check ] --START--
INFO: CheckRoute Behavior ::run [ RunTime:0.000182s ]
INFO: [ route_check ] --END-- [ RunTime:0.000303s ]
INFO: [ app_begin ] --START--
INFO: ReadHtmlCache Behavior ::run [ RunTime:0.000174s ]
INFO: [ app_begin ] --END-- [ RunTime:0.000269s ]
SQL: SHOW COLUMNS FROM `think_node` [ RunTime:0.002516s ]
SQL: INSERT INTO `think_node` (`name`,`title`,`status`,`sort`,`pid`,`level`) VALUES ('addRole','添加角色',1,1,5,3) [ RunTime:0.000216s ]
INFO: [ view_parse ] --START--
INFO: ParseTemplate Behavior ::run [ RunTime:0.004311s ]
INFO: [ view_parse ] --END-- [ RunTime:0.004437s ]
INFO: [ view_filter ] --START--
INFO: ContentReplace Behavior ::run [ RunTime:0.000209s ]
INFO: TokenBuild Behavior ::run [ RunTime:0.000170s ]
INFO: WriteHtmlCache Behavior ::run [ RunTime:0.000096s ]
INFO: ShowRuntime Behavior ::run [ RunTime:0.000207s ]
INFO: [ view_filter ] --END-- [ RunTime:0.000921s ]
INFO: [ view_end ] --START--
INFO: ShowPageTrace Behavior ::run [ RunTime:0.000163s ]
INFO: [ view_end ] --END-- [ RunTime:0.000251s ]

[ 2013-09-27T17:06:16+08:00 ] 0.0.0.0 /DM/index.php/Admin/Rbac/node.html
INFO: [ route_check ] --START--
INFO: CheckRoute Behavior ::run [ RunTime:0.000189s ]
INFO: [ route_check ] --END-- [ RunTime:0.000328s ]
INFO: [ app_begin ] --START--
INFO: ReadHtmlCache Behavior ::run [ RunTime:0.000178s ]
INFO: [ app_begin ] --END-- [ RunTime:0.000274s ]
SQL: SHOW COLUMNS FROM `think_node` [ RunTime:0.002845s ]
SQL: SELECT * FROM `think_node` ORDER BY sort  [ RunTime:0.000362s ]
INFO: [ view_parse ] --START--
INFO: ParseTemplate Behavior ::run [ RunTime:0.011144s ]
INFO: [ view_parse ] --END-- [ RunTime:0.011273s ]
INFO: [ view_filter ] --START--
INFO: ContentReplace Behavior ::run [ RunTime:0.000259s ]
INFO: TokenBuild Behavior ::run [ RunTime:0.000188s ]
INFO: WriteHtmlCache Behavior ::run [ RunTime:0.000101s ]
INFO: ShowRuntime Behavior ::run [ RunTime:0.000213s ]
INFO: [ view_filter ] --END-- [ RunTime:0.001013s ]
INFO: [ view_end ] --START--
INFO: ShowPageTrace Behavior ::run [ RunTime:0.000171s ]
INFO: [ view_end ] --END-- [ RunTime:0.000265s ]

[ 2013-09-27T17:06:19+08:00 ] 0.0.0.0 /DM/index.php/Admin/Rbac/addNode/pid/5/level/3.html
INFO: [ route_check ] --START--
INFO: CheckRoute Behavior ::run [ RunTime:0.000184s ]
INFO: [ route_check ] --END-- [ RunTime:0.000320s ]
INFO: [ app_begin ] --START--
INFO: ReadHtmlCache Behavior ::run [ RunTime:0.000182s ]
INFO: [ app_begin ] --END-- [ RunTime:0.000280s ]
INFO: [ view_parse ] --START--
INFO: ParseTemplate Behavior ::run [ RunTime:0.004191s ]
INFO: [ view_parse ] --END-- [ RunTime:0.004309s ]
INFO: [ view_filter ] --START--
INFO: ContentReplace Behavior ::run [ RunTime:0.000196s ]
INFO: TokenBuild Behavior ::run [ RunTime:0.000166s ]
INFO: WriteHtmlCache Behavior ::run [ RunTime:0.000097s ]
INFO: ShowRuntime Behavior ::run [ RunTime:0.000205s ]
INFO: [ view_filter ] --END-- [ RunTime:0.000905s ]
INFO: [ view_end ] --START--
INFO: ShowPageTrace Behavior ::run [ RunTime:0.000360s ]
INFO: [ view_end ] --END-- [ RunTime:0.000455s ]

[ 2013-09-27T17:06:21+08:00 ] 0.0.0.0 /DM/index.php/Admin/Rbac/role.html
INFO: [ route_check ] --START--
INFO: CheckRoute Behavior ::run [ RunTime:0.000184s ]
INFO: [ route_check ] --END-- [ RunTime:0.000314s ]
INFO: [ app_begin ] --START--
INFO: ReadHtmlCache Behavior ::run [ RunTime:0.000177s ]
INFO: [ app_begin ] --END-- [ RunTime:0.000274s ]
SQL: SHOW COLUMNS FROM `think_role` [ RunTime:0.004303s ]
SQL: SELECT * FROM `think_role`  [ RunTime:0.000342s ]
INFO: [ view_parse ] --START--
INFO: ParseTemplate Behavior ::run [ RunTime:0.006320s ]
INFO: [ view_parse ] --END-- [ RunTime:0.006459s ]
INFO: [ view_filter ] --START--
INFO: ContentReplace Behavior ::run [ RunTime:0.000225s ]
INFO: TokenBuild Behavior ::run [ RunTime:0.000180s ]
INFO: WriteHtmlCache Behavior ::run [ RunTime:0.000100s ]
INFO: ShowRuntime Behavior ::run [ RunTime:0.000204s ]
INFO: [ view_filter ] --END-- [ RunTime:0.000959s ]
INFO: [ view_end ] --START--
INFO: ShowPageTrace Behavior ::run [ RunTime:0.000163s ]
INFO: [ view_end ] --END-- [ RunTime:0.000253s ]

[ 2013-09-27T17:06:21+08:00 ] 0.0.0.0 /DM/index.php/Admin/Rbac/role.html
INFO: [ route_check ] --START--
INFO: CheckRoute Behavior ::run [ RunTime:0.000274s ]
INFO: [ route_check ] --END-- [ RunTime:0.001072s ]
INFO: [ app_begin ] --START--
INFO: ReadHtmlCache Behavior ::run [ RunTime:0.000191s ]
INFO: [ app_begin ] --END-- [ RunTime:0.000292s ]
SQL: SHOW COLUMNS FROM `think_role` [ RunTime:0.002644s ]
SQL: SELECT * FROM `think_role`  [ RunTime:0.000295s ]
INFO: [ view_parse ] --START--
INFO: ParseTemplate Behavior ::run [ RunTime:0.006135s ]
INFO: [ view_parse ] --END-- [ RunTime:0.006278s ]
INFO: [ view_filter ] --START--
INFO: ContentReplace Behavior ::run [ RunTime:0.000225s ]
INFO: TokenBuild Behavior ::run [ RunTime:0.000179s ]
INFO: WriteHtmlCache Behavior ::run [ RunTime:0.000101s ]
INFO: ShowRuntime Behavior ::run [ RunTime:0.000207s ]
INFO: [ view_filter ] --END-- [ RunTime:0.000960s ]
INFO: [ view_end ] --START--
INFO: ShowPageTrace Behavior ::run [ RunTime:0.000164s ]
INFO: [ view_end ] --END-- [ RunTime:0.000252s ]

[ 2013-09-27T17:06:22+08:00 ] 0.0.0.0 /DM/index.php/Admin/Rbac/role.html
INFO: [ route_check ] --START--
INFO: CheckRoute Behavior ::run [ RunTime:0.000174s ]
INFO: [ route_check ] --END-- [ RunTime:0.000307s ]
INFO: [ app_begin ] --START--
INFO: ReadHtmlCache Behavior ::run [ RunTime:0.000168s ]
INFO: [ app_begin ] --END-- [ RunTime:0.000268s ]
SQL: SHOW COLUMNS FROM `think_role` [ RunTime:0.121194s ]
SQL: SELECT * FROM `think_role`  [ RunTime:0.000235s ]
INFO: [ view_parse ] --START--
INFO: ParseTemplate Behavior ::run [ RunTime:0.005608s ]
INFO: [ view_parse ] --END-- [ RunTime:0.005732s ]
INFO: [ view_filter ] --START--
INFO: ContentReplace Behavior ::run [ RunTime:0.000216s ]
INFO: TokenBuild Behavior ::run [ RunTime:0.000166s ]
INFO: WriteHtmlCache Behavior ::run [ RunTime:0.000091s ]
INFO: ShowRuntime Behavior ::run [ RunTime:0.000202s ]
INFO: [ view_filter ] --END-- [ RunTime:0.000917s ]
INFO: [ view_end ] --START--
INFO: ShowPageTrace Behavior ::run [ RunTime:0.000158s ]
INFO: [ view_end ] --END-- [ RunTime:0.000247s ]

[ 2013-09-27T17:06:23+08:00 ] 0.0.0.0 /DM/index.php/Admin/Rbac/node.html
INFO: [ route_check ] --START--
INFO: CheckRoute Behavior ::run [ RunTime:0.000235s ]
INFO: [ route_check ] --END-- [ RunTime:0.000393s ]
INFO: [ app_begin ] --START--
INFO: ReadHtmlCache Behavior ::run [ RunTime:0.000229s ]
INFO: [ app_begin ] --END-- [ RunTime:0.000347s ]
SQL: SHOW COLUMNS FROM `think_node` [ RunTime:0.004993s ]
SQL: SELECT * FROM `think_node` ORDER BY sort  [ RunTime:0.000328s ]
INFO: [ view_parse ] --START--
INFO: ParseTemplate Behavior ::run [ RunTime:0.013355s ]
INFO: [ view_parse ] --END-- [ RunTime:0.013477s ]
INFO: [ view_filter ] --START--
INFO: ContentReplace Behavior ::run [ RunTime:0.000214s ]
INFO: TokenBuild Behavior ::run [ RunTime:0.000165s ]
INFO: WriteHtmlCache Behavior ::run [ RunTime:0.000093s ]
INFO: ShowRuntime Behavior ::run [ RunTime:0.000204s ]
INFO: [ view_filter ] --END-- [ RunTime:0.000919s ]
INFO: [ view_end ] --START--
INFO: ShowPageTrace Behavior ::run [ RunTime:0.000313s ]
INFO: [ view_end ] --END-- [ RunTime:0.000405s ]

[ 2013-09-27T17:06:23+08:00 ] 0.0.0.0 /DM/index.php/Admin/Rbac/node.html
INFO: [ route_check ] --START--
INFO: CheckRoute Behavior ::run [ RunTime:0.000195s ]
INFO: [ route_check ] --END-- [ RunTime:0.000331s ]
INFO: [ app_begin ] --START--
INFO: ReadHtmlCache Behavior ::run [ RunTime:0.000185s ]
INFO: [ app_begin ] --END-- [ RunTime:0.000285s ]
SQL: SHOW COLUMNS FROM `think_node` [ RunTime:0.004495s ]
SQL: SELECT * FROM `think_node` ORDER BY sort  [ RunTime:0.000249s ]
INFO: [ view_parse ] --START--
INFO: ParseTemplate Behavior ::run [ RunTime:0.012095s ]
INFO: [ view_parse ] --END-- [ RunTime:0.012227s ]
INFO: [ view_filter ] --START--
INFO: ContentReplace Behavior ::run [ RunTime:0.000222s ]
INFO: TokenBuild Behavior ::run [ RunTime:0.000169s ]
INFO: WriteHtmlCache Behavior ::run [ RunTime:0.000105s ]
INFO: ShowRuntime Behavior ::run [ RunTime:0.000208s ]
INFO: [ view_filter ] --END-- [ RunTime:0.001091s ]
INFO: [ view_end ] --START--
INFO: ShowPageTrace Behavior ::run [ RunTime:0.000161s ]
INFO: [ view_end ] --END-- [ RunTime:0.000249s ]

[ 2013-09-27T17:06:25+08:00 ] 0.0.0.0 /DM/index.php/Admin/Rbac/addNode/pid/5/level/3.html
INFO: [ route_check ] --START--
INFO: CheckRoute Behavior ::run [ RunTime:0.000170s ]
INFO: [ route_check ] --END-- [ RunTime:0.000301s ]
INFO: [ app_begin ] --START--
INFO: ReadHtmlCache Behavior ::run [ RunTime:0.000172s ]
INFO: [ app_begin ] --END-- [ RunTime:0.000264s ]
INFO: [ view_parse ] --START--
INFO: ParseTemplate Behavior ::run [ RunTime:0.004260s ]
INFO: [ view_parse ] --END-- [ RunTime:0.004385s ]
INFO: [ view_filter ] --START--
INFO: ContentReplace Behavior ::run [ RunTime:0.000228s ]
INFO: TokenBuild Behavior ::run [ RunTime:0.000171s ]
INFO: WriteHtmlCache Behavior ::run [ RunTime:0.000097s ]
INFO: ShowRuntime Behavior ::run [ RunTime:0.000207s ]
INFO: [ view_filter ] --END-- [ RunTime:0.000951s ]
INFO: [ view_end ] --START--
INFO: ShowPageTrace Behavior ::run [ RunTime:0.000203s ]
INFO: [ view_end ] --END-- [ RunTime:0.000312s ]

[ 2013-09-27T17:06:39+08:00 ] 0.0.0.0 /DM/index.php/Admin/Rbac/addNodeHandle.html
INFO: [ route_check ] --START--
INFO: CheckRoute Behavior ::run [ RunTime:0.000183s ]
INFO: [ route_check ] --END-- [ RunTime:0.000315s ]
INFO: [ app_begin ] --START--
INFO: ReadHtmlCache Behavior ::run [ RunTime:0.000195s ]
INFO: [ app_begin ] --END-- [ RunTime:0.000303s ]
SQL: SHOW COLUMNS FROM `think_node` [ RunTime:0.002661s ]
SQL: INSERT INTO `think_node` (`name`,`title`,`status`,`sort`,`pid`,`level`) VALUES ('role','角色列表',1,1,5,3) [ RunTime:0.000323s ]
INFO: [ view_parse ] --START--
INFO: ParseTemplate Behavior ::run [ RunTime:0.004453s ]
INFO: [ view_parse ] --END-- [ RunTime:0.004577s ]
INFO: [ view_filter ] --START--
INFO: ContentReplace Behavior ::run [ RunTime:0.000212s ]
INFO: TokenBuild Behavior ::run [ RunTime:0.000171s ]
INFO: WriteHtmlCache Behavior ::run [ RunTime:0.000098s ]
INFO: ShowRuntime Behavior ::run [ RunTime:0.000209s ]
INFO: [ view_filter ] --END-- [ RunTime:0.000935s ]
INFO: [ view_end ] --START--
INFO: ShowPageTrace Behavior ::run [ RunTime:0.000162s ]
INFO: [ view_end ] --END-- [ RunTime:0.000251s ]

[ 2013-09-27T17:06:40+08:00 ] 0.0.0.0 /DM/index.php/Admin/Rbac/node.html
INFO: [ route_check ] --START--
INFO: CheckRoute Behavior ::run [ RunTime:0.000177s ]
INFO: [ route_check ] --END-- [ RunTime:0.000311s ]
INFO: [ app_begin ] --START--
INFO: ReadHtmlCache Behavior ::run [ RunTime:0.000174s ]
INFO: [ app_begin ] --END-- [ RunTime:0.000268s ]
SQL: SHOW COLUMNS FROM `think_node` [ RunTime:0.002217s ]
SQL: SELECT * FROM `think_node` ORDER BY sort  [ RunTime:0.000333s ]
INFO: [ view_parse ] --START--
INFO: ParseTemplate Behavior ::run [ RunTime:0.011751s ]
INFO: [ view_parse ] --END-- [ RunTime:0.011906s ]
INFO: [ view_filter ] --START--
INFO: ContentReplace Behavior ::run [ RunTime:0.000312s ]
INFO: TokenBuild Behavior ::run [ RunTime:0.000322s ]
INFO: WriteHtmlCache Behavior ::run [ RunTime:0.000136s ]
INFO: ShowRuntime Behavior ::run [ RunTime:0.000664s ]
INFO: [ view_filter ] --END-- [ RunTime:0.001746s ]
INFO: [ view_end ] --START--
INFO: ShowPageTrace Behavior ::run [ RunTime:0.000192s ]
INFO: [ view_end ] --END-- [ RunTime:0.000284s ]

[ 2013-09-27T17:09:19+08:00 ] 0.0.0.0 /DM/index.php/Admin/Rbac/role.html
INFO: [ route_check ] --START--
INFO: CheckRoute Behavior ::run [ RunTime:0.000180s ]
INFO: [ route_check ] --END-- [ RunTime:0.000310s ]
INFO: [ app_begin ] --START--
INFO: ReadHtmlCache Behavior ::run [ RunTime:0.000178s ]
INFO: [ app_begin ] --END-- [ RunTime:0.000284s ]
SQL: SHOW COLUMNS FROM `think_role` [ RunTime:0.067837s ]
SQL: SELECT * FROM `think_role`  [ RunTime:0.000208s ]
INFO: [ view_parse ] --START--
INFO: ParseTemplate Behavior ::run [ RunTime:0.006741s ]
INFO: [ view_parse ] --END-- [ RunTime:0.006871s ]
INFO: [ view_filter ] --START--
INFO: ContentReplace Behavior ::run [ RunTime:0.000210s ]
INFO: TokenBuild Behavior ::run [ RunTime:0.000167s ]
INFO: WriteHtmlCache Behavior ::run [ RunTime:0.000096s ]
INFO: ShowRuntime Behavior ::run [ RunTime:0.000200s ]
INFO: [ view_filter ] --END-- [ RunTime:0.000913s ]
INFO: [ view_end ] --START--
INFO: ShowPageTrace Behavior ::run [ RunTime:0.000241s ]
INFO: [ view_end ] --END-- [ RunTime:0.000335s ]

[ 2013-09-27T17:09:21+08:00 ] 0.0.0.0 /DM/index.php/Admin/Rbac/node.html
INFO: [ route_check ] --START--
INFO: CheckRoute Behavior ::run [ RunTime:0.000175s ]
INFO: [ route_check ] --END-- [ RunTime:0.000306s ]
INFO: [ app_begin ] --START--
INFO: ReadHtmlCache Behavior ::run [ RunTime:0.000180s ]
INFO: [ app_begin ] --END-- [ RunTime:0.000277s ]
SQL: SHOW COLUMNS FROM `think_node` [ RunTime:0.002236s ]
SQL: SELECT * FROM `think_node` ORDER BY sort  [ RunTime:0.000229s ]
INFO: [ view_parse ] --START--
INFO: ParseTemplate Behavior ::run [ RunTime:0.021444s ]
INFO: [ view_parse ] --END-- [ RunTime:0.021583s ]
INFO: [ view_filter ] --START--
INFO: ContentReplace Behavior ::run [ RunTime:0.000240s ]
INFO: TokenBuild Behavior ::run [ RunTime:0.000181s ]
INFO: WriteHtmlCache Behavior ::run [ RunTime:0.000095s ]
INFO: ShowRuntime Behavior ::run [ RunTime:0.000208s ]
INFO: [ view_filter ] --END-- [ RunTime:0.001304s ]
INFO: [ view_end ] --START--
INFO: ShowPageTrace Behavior ::run [ RunTime:0.000215s ]
INFO: [ view_end ] --END-- [ RunTime:0.000358s ]

[ 2013-09-27T17:09:35+08:00 ] 0.0.0.0 /DM/index.php/Admin/Rbac/node.html
INFO: [ route_check ] --START--
INFO: CheckRoute Behavior ::run [ RunTime:0.000206s ]
INFO: [ route_check ] --END-- [ RunTime:0.000352s ]
INFO: [ app_begin ] --START--
INFO: ReadHtmlCache Behavior ::run [ RunTime:0.000201s ]
INFO: [ app_begin ] --END-- [ RunTime:0.000310s ]
SQL: SHOW COLUMNS FROM `think_node` [ RunTime:0.002606s ]
SQL: SELECT * FROM `think_node` ORDER BY sort  [ RunTime:0.000213s ]
INFO: [ view_parse ] --START--
INFO: ParseTemplate Behavior ::run [ RunTime:0.011320s ]
INFO: [ view_parse ] --END-- [ RunTime:0.011443s ]
INFO: [ view_filter ] --START--
INFO: ContentReplace Behavior ::run [ RunTime:0.000229s ]
INFO: TokenBuild Behavior ::run [ RunTime:0.000174s ]
INFO: WriteHtmlCache Behavior ::run [ RunTime:0.000107s ]
INFO: ShowRuntime Behavior ::run [ RunTime:0.000211s ]
INFO: [ view_filter ] --END-- [ RunTime:0.000961s ]
INFO: [ view_end ] --START--
INFO: ShowPageTrace Behavior ::run [ RunTime:0.000164s ]
INFO: [ view_end ] --END-- [ RunTime:0.000252s ]

[ 2013-09-27T17:10:11+08:00 ] 0.0.0.0 /DM/index.php/Admin/Rbac/node.html
INFO: [ route_check ] --START--
INFO: CheckRoute Behavior ::run [ RunTime:0.000580s ]
INFO: [ route_check ] --END-- [ RunTime:0.000887s ]
INFO: [ app_begin ] --START--
INFO: ReadHtmlCache Behavior ::run [ RunTime:0.000186s ]
INFO: [ app_begin ] --END-- [ RunTime:0.000282s ]
SQL: SHOW COLUMNS FROM `think_node` [ RunTime:0.003086s ]
SQL: SELECT * FROM `think_node` ORDER BY sort  [ RunTime:0.000242s ]
INFO: [ view_parse ] --START--
INFO: ParseTemplate Behavior ::run [ RunTime:0.011426s ]
INFO: [ view_parse ] --END-- [ RunTime:0.011547s ]
INFO: [ view_filter ] --START--
INFO: ContentReplace Behavior ::run [ RunTime:0.000229s ]
INFO: TokenBuild Behavior ::run [ RunTime:0.000169s ]
INFO: WriteHtmlCache Behavior ::run [ RunTime:0.000098s ]
INFO: ShowRuntime Behavior ::run [ RunTime:0.000212s ]
INFO: [ view_filter ] --END-- [ RunTime:0.000949s ]
INFO: [ view_end ] --START--
INFO: ShowPageTrace Behavior ::run [ RunTime:0.000163s ]
INFO: [ view_end ] --END-- [ RunTime:0.000251s ]

[ 2013-09-27T17:12:25+08:00 ] 0.0.0.0 /DM/index.php/Admin/Rbac/addNode/pid/5/level/3.html
INFO: [ route_check ] --START--
INFO: CheckRoute Behavior ::run [ RunTime:0.000188s ]
INFO: [ route_check ] --END-- [ RunTime:0.000321s ]
INFO: [ app_begin ] --START--
INFO: ReadHtmlCache Behavior ::run [ RunTime:0.000216s ]
INFO: [ app_begin ] --END-- [ RunTime:0.000315s ]
INFO: [ view_parse ] --START--
INFO: ParseTemplate Behavior ::run [ RunTime:0.010734s ]
INFO: [ view_parse ] --END-- [ RunTime:0.010864s ]
INFO: [ view_filter ] --START--
INFO: ContentReplace Behavior ::run [ RunTime:0.000239s ]
INFO: TokenBuild Behavior ::run [ RunTime:0.000179s ]
INFO: WriteHtmlCache Behavior ::run [ RunTime:0.000242s ]
INFO: ShowRuntime Behavior ::run [ RunTime:0.000228s ]
INFO: [ view_filter ] --END-- [ RunTime:0.001145s ]
INFO: [ view_end ] --START--
INFO: ShowPageTrace Behavior ::run [ RunTime:0.000170s ]
INFO: [ view_end ] --END-- [ RunTime:0.000262s ]

[ 2013-09-27T17:12:32+08:00 ] 0.0.0.0 /DM/index.php/Admin/Rbac/addNodeHandle.html
INFO: [ route_check ] --START--
INFO: CheckRoute Behavior ::run [ RunTime:0.000194s ]
INFO: [ route_check ] --END-- [ RunTime:0.000325s ]
INFO: [ app_begin ] --START--
INFO: ReadHtmlCache Behavior ::run [ RunTime:0.000195s ]
INFO: [ app_begin ] --END-- [ RunTime:0.000298s ]
SQL: SHOW COLUMNS FROM `think_node` [ RunTime:0.002445s ]
SQL: INSERT INTO `think_node` (`name`,`title`,`status`,`sort`,`pid`,`level`) VALUES ('index','用户列表',1,1,5,3) [ RunTime:0.000254s ]
INFO: [ view_parse ] --START--
INFO: ParseTemplate Behavior ::run [ RunTime:0.004828s ]
INFO: [ view_parse ] --END-- [ RunTime:0.004953s ]
INFO: [ view_filter ] --START--
INFO: ContentReplace Behavior ::run [ RunTime:0.000204s ]
INFO: TokenBuild Behavior ::run [ RunTime:0.000170s ]
INFO: WriteHtmlCache Behavior ::run [ RunTime:0.000096s ]
INFO: ShowRuntime Behavior ::run [ RunTime:0.000208s ]
INFO: [ view_filter ] --END-- [ RunTime:0.000922s ]
INFO: [ view_end ] --START--
INFO: ShowPageTrace Behavior ::run [ RunTime:0.000163s ]
INFO: [ view_end ] --END-- [ RunTime:0.000251s ]

[ 2013-09-27T17:12:33+08:00 ] 0.0.0.0 /DM/index.php/Admin/Rbac/node.html
INFO: [ route_check ] --START--
INFO: CheckRoute Behavior ::run [ RunTime:0.000180s ]
INFO: [ route_check ] --END-- [ RunTime:0.000313s ]
INFO: [ app_begin ] --START--
INFO: ReadHtmlCache Behavior ::run [ RunTime:0.000176s ]
INFO: [ app_begin ] --END-- [ RunTime:0.000268s ]
SQL: SHOW COLUMNS FROM `think_node` [ RunTime:0.004641s ]
SQL: SELECT * FROM `think_node` ORDER BY sort  [ RunTime:0.000323s ]
INFO: [ view_parse ] --START--
INFO: ParseTemplate Behavior ::run [ RunTime:0.012765s ]
INFO: [ view_parse ] --END-- [ RunTime:0.012926s ]
INFO: [ view_filter ] --START--
INFO: ContentReplace Behavior ::run [ RunTime:0.000225s ]
INFO: TokenBuild Behavior ::run [ RunTime:0.000167s ]
INFO: WriteHtmlCache Behavior ::run [ RunTime:0.000096s ]
INFO: ShowRuntime Behavior ::run [ RunTime:0.000207s ]
INFO: [ view_filter ] --END-- [ RunTime:0.000934s ]
INFO: [ view_end ] --START--
INFO: ShowPageTrace Behavior ::run [ RunTime:0.000162s ]
INFO: [ view_end ] --END-- [ RunTime:0.000250s ]

[ 2013-09-27T17:13:04+08:00 ] 0.0.0.0 /DM/index.php/Admin/Rbac/addNode/pid/5/level/3.html
INFO: [ route_check ] --START--
INFO: CheckRoute Behavior ::run [ RunTime:0.000186s ]
INFO: [ route_check ] --END-- [ RunTime:0.000320s ]
INFO: [ app_begin ] --START--
INFO: ReadHtmlCache Behavior ::run [ RunTime:0.000173s ]
INFO: [ app_begin ] --END-- [ RunTime:0.000265s ]
INFO: [ view_parse ] --START--
INFO: ParseTemplate Behavior ::run [ RunTime:0.005029s ]
INFO: [ view_parse ] --END-- [ RunTime:0.005164s ]
INFO: [ view_filter ] --START--
INFO: ContentReplace Behavior ::run [ RunTime:0.000224s ]
INFO: TokenBuild Behavior ::run [ RunTime:0.000167s ]
INFO: WriteHtmlCache Behavior ::run [ RunTime:0.000098s ]
INFO: ShowRuntime Behavior ::run [ RunTime:0.000208s ]
INFO: [ view_filter ] --END-- [ RunTime:0.000939s ]
INFO: [ view_end ] --START--
INFO: ShowPageTrace Behavior ::run [ RunTime:0.000162s ]
INFO: [ view_end ] --END-- [ RunTime:0.000251s ]

[ 2013-09-27T17:13:15+08:00 ] 0.0.0.0 /DM/index.php/Admin/Rbac/addNodeHandle.html
INFO: [ route_check ] --START--
INFO: CheckRoute Behavior ::run [ RunTime:0.000217s ]
INFO: [ route_check ] --END-- [ RunTime:0.000350s ]
INFO: [ app_begin ] --START--
INFO: ReadHtmlCache Behavior ::run [ RunTime:0.000191s ]
INFO: [ app_begin ] --END-- [ RunTime:0.000297s ]
SQL: SHOW COLUMNS FROM `think_node` [ RunTime:0.002538s ]
SQL: INSERT INTO `think_node` (`name`,`title`,`status`,`sort`,`pid`,`level`) VALUES ('addUser','添加用户',1,1,5,3) [ RunTime:0.000231s ]
INFO: [ view_parse ] --START--
INFO: ParseTemplate Behavior ::run [ RunTime:0.004166s ]
INFO: [ view_parse ] --END-- [ RunTime:0.004290s ]
INFO: [ view_filter ] --START--
INFO: ContentReplace Behavior ::run [ RunTime:0.000208s ]
INFO: TokenBuild Behavior ::run [ RunTime:0.000169s ]
INFO: WriteHtmlCache Behavior ::run [ RunTime:0.000096s ]
INFO: ShowRuntime Behavior ::run [ RunTime:0.000208s ]
INFO: [ view_filter ] --END-- [ RunTime:0.000919s ]
INFO: [ view_end ] --START--
INFO: ShowPageTrace Behavior ::run [ RunTime:0.000162s ]
INFO: [ view_end ] --END-- [ RunTime:0.000250s ]

[ 2013-09-27T17:13:16+08:00 ] 0.0.0.0 /DM/index.php/Admin/Rbac/node.html
INFO: [ route_check ] --START--
INFO: CheckRoute Behavior ::run [ RunTime:0.000170s ]
INFO: [ route_check ] --END-- [ RunTime:0.000298s ]
INFO: [ app_begin ] --START--
INFO: ReadHtmlCache Behavior ::run [ RunTime:0.001043s ]
INFO: [ app_begin ] --END-- [ RunTime:0.001325s ]
SQL: SHOW COLUMNS FROM `think_node` [ RunTime:0.127049s ]
SQL: SELECT * FROM `think_node` ORDER BY sort  [ RunTime:0.000265s ]
INFO: [ view_parse ] --START--
INFO: ParseTemplate Behavior ::run [ RunTime:0.011887s ]
INFO: [ view_parse ] --END-- [ RunTime:0.012011s ]
INFO: [ view_filter ] --START--
INFO: ContentReplace Behavior ::run [ RunTime:0.000243s ]
INFO: TokenBuild Behavior ::run [ RunTime:0.000165s ]
INFO: WriteHtmlCache Behavior ::run [ RunTime:0.000092s ]
INFO: ShowRuntime Behavior ::run [ RunTime:0.000206s ]
INFO: [ view_filter ] --END-- [ RunTime:0.000945s ]
INFO: [ view_end ] --START--
INFO: ShowPageTrace Behavior ::run [ RunTime:0.000327s ]
INFO: [ view_end ] --END-- [ RunTime:0.000420s ]

[ 2013-09-27T17:18:56+08:00 ] 0.0.0.0 /DM/index.php/Admin/Rbac/role.html
INFO: [ route_check ] --START--
INFO: CheckRoute Behavior ::run [ RunTime:0.000214s ]
INFO: [ route_check ] --END-- [ RunTime:0.000357s ]
INFO: [ app_begin ] --START--
INFO: ReadHtmlCache Behavior ::run [ RunTime:0.000194s ]
INFO: [ app_begin ] --END-- [ RunTime:0.000299s ]
SQL: SHOW COLUMNS FROM `think_role` [ RunTime:0.001687s ]
SQL: SELECT * FROM `think_role`  [ RunTime:0.000251s ]
INFO: [ view_parse ] --START--
INFO: ParseTemplate Behavior ::run [ RunTime:0.005584s ]
INFO: [ view_parse ] --END-- [ RunTime:0.005719s ]
INFO: [ view_filter ] --START--
INFO: ContentReplace Behavior ::run [ RunTime:0.000221s ]
INFO: TokenBuild Behavior ::run [ RunTime:0.000177s ]
INFO: WriteHtmlCache Behavior ::run [ RunTime:0.000103s ]
INFO: ShowRuntime Behavior ::run [ RunTime:0.000216s ]
INFO: [ view_filter ] --END-- [ RunTime:0.001062s ]
INFO: [ view_end ] --START--
INFO: ShowPageTrace Behavior ::run [ RunTime:0.000170s ]
INFO: [ view_end ] --END-- [ RunTime:0.000260s ]

[ 2013-09-27T17:22:37+08:00 ] 0.0.0.0 /DM/index.php/Admin/Rbac/role.html
INFO: [ route_check ] --START--
INFO: CheckRoute Behavior ::run [ RunTime:0.000185s ]
INFO: [ route_check ] --END-- [ RunTime:0.000318s ]
INFO: [ app_begin ] --START--
INFO: ReadHtmlCache Behavior ::run [ RunTime:0.000175s ]
INFO: [ app_begin ] --END-- [ RunTime:0.000266s ]
SQL: SHOW COLUMNS FROM `think_role` [ RunTime:0.002169s ]
SQL: SELECT * FROM `think_role`  [ RunTime:0.000179s ]
INFO: [ view_parse ] --START--
INFO: ParseTemplate Behavior ::run [ RunTime:0.005808s ]
INFO: [ view_parse ] --END-- [ RunTime:0.005926s ]
INFO: [ view_filter ] --START--
INFO: ContentReplace Behavior ::run [ RunTime:0.000210s ]
INFO: TokenBuild Behavior ::run [ RunTime:0.000179s ]
INFO: WriteHtmlCache Behavior ::run [ RunTime:0.000101s ]
INFO: ShowRuntime Behavior ::run [ RunTime:0.000206s ]
INFO: [ view_filter ] --END-- [ RunTime:0.000944s ]
INFO: [ view_end ] --START--
INFO: ShowPageTrace Behavior ::run [ RunTime:0.000171s ]
INFO: [ view_end ] --END-- [ RunTime:0.000260s ]

[ 2013-09-27T17:24:42+08:00 ] 0.0.0.0 /DM/index.php/Admin/Rbac/role.html
INFO: [ route_check ] --START--
INFO: CheckRoute Behavior ::run [ RunTime:0.000189s ]
INFO: [ route_check ] --END-- [ RunTime:0.000327s ]
INFO: [ app_begin ] --START--
INFO: ReadHtmlCache Behavior ::run [ RunTime:0.000178s ]
INFO: [ app_begin ] --END-- [ RunTime:0.000270s ]
SQL: SHOW COLUMNS FROM `think_role` [ RunTime:0.066213s ]
SQL: SELECT * FROM `think_role`  [ RunTime:0.000214s ]
INFO: [ view_parse ] --START--
INFO: ParseTemplate Behavior ::run [ RunTime:0.006082s ]
INFO: [ view_parse ] --END-- [ RunTime:0.006205s ]
INFO: [ view_filter ] --START--
INFO: ContentReplace Behavior ::run [ RunTime:0.000265s ]
INFO: TokenBuild Behavior ::run [ RunTime:0.000289s ]
INFO: WriteHtmlCache Behavior ::run [ RunTime:0.000111s ]
INFO: ShowRuntime Behavior ::run [ RunTime:0.000206s ]
INFO: [ view_filter ] --END-- [ RunTime:0.001124s ]
INFO: [ view_end ] --START--
INFO: ShowPageTrace Behavior ::run [ RunTime:0.000166s ]
INFO: [ view_end ] --END-- [ RunTime:0.000260s ]

[ 2013-09-27T17:24:45+08:00 ] 0.0.0.0 /DM/index.php/Admin/Rbac/addRole.html
INFO: [ route_check ] --START--
INFO: CheckRoute Behavior ::run [ RunTime:0.000183s ]
INFO: [ route_check ] --END-- [ RunTime:0.000315s ]
INFO: [ app_begin ] --START--
INFO: ReadHtmlCache Behavior ::run [ RunTime:0.000177s ]
INFO: [ app_begin ] --END-- [ RunTime:0.000271s ]
INFO: [ view_parse ] --START--
INFO: ParseTemplate Behavior ::run [ RunTime:0.003871s ]
INFO: [ view_parse ] --END-- [ RunTime:0.004012s ]
INFO: [ view_filter ] --START--
INFO: ContentReplace Behavior ::run [ RunTime:0.000204s ]
INFO: TokenBuild Behavior ::run [ RunTime:0.000162s ]
INFO: WriteHtmlCache Behavior ::run [ RunTime:0.000093s ]
INFO: ShowRuntime Behavior ::run [ RunTime:0.000200s ]
INFO: [ view_filter ] --END-- [ RunTime:0.000899s ]
INFO: [ view_end ] --START--
INFO: ShowPageTrace Behavior ::run [ RunTime:0.000157s ]
INFO: [ view_end ] --END-- [ RunTime:0.000246s ]

[ 2013-09-27T17:26:17+08:00 ] 0.0.0.0 /DM/index.php/Admin/Rbac/addRole.html
INFO: [ route_check ] --START--
INFO: CheckRoute Behavior ::run [ RunTime:0.000201s ]
INFO: [ route_check ] --END-- [ RunTime:0.000358s ]
INFO: [ app_begin ] --START--
INFO: ReadHtmlCache Behavior ::run [ RunTime:0.000176s ]
INFO: [ app_begin ] --END-- [ RunTime:0.000273s ]
INFO: [ view_parse ] --START--
INFO: ParseTemplate Behavior ::run [ RunTime:0.003714s ]
INFO: [ view_parse ] --END-- [ RunTime:0.003836s ]
INFO: [ view_filter ] --START--
INFO: ContentReplace Behavior ::run [ RunTime:0.000200s ]
INFO: TokenBuild Behavior ::run [ RunTime:0.000169s ]
INFO: WriteHtmlCache Behavior ::run [ RunTime:0.000098s ]
INFO: ShowRuntime Behavior ::run [ RunTime:0.000206s ]
INFO: [ view_filter ] --END-- [ RunTime:0.000913s ]
INFO: [ view_end ] --START--
INFO: ShowPageTrace Behavior ::run [ RunTime:0.000164s ]
INFO: [ view_end ] --END-- [ RunTime:0.000253s ]

[ 2013-09-27T17:26:18+08:00 ] 0.0.0.0 /DM/index.php/Admin
INFO: [ route_check ] --START--
INFO: CheckRoute Behavior ::run [ RunTime:0.000206s ]
INFO: [ route_check ] --END-- [ RunTime:0.000342s ]
INFO: [ app_begin ] --START--
INFO: ReadHtmlCache Behavior ::run [ RunTime:0.000180s ]
INFO: [ app_begin ] --END-- [ RunTime:0.000280s ]
INFO: [ view_parse ] --START--
INFO: ParseTemplate Behavior ::run [ RunTime:0.009916s ]
INFO: [ view_parse ] --END-- [ RunTime:0.010062s ]
INFO: [ view_filter ] --START--
INFO: ContentReplace Behavior ::run [ RunTime:0.000323s ]
INFO: TokenBuild Behavior ::run [ RunTime:0.000442s ]
INFO: WriteHtmlCache Behavior ::run [ RunTime:0.000121s ]
INFO: ShowRuntime Behavior ::run [ RunTime:0.000414s ]
INFO: [ view_filter ] --END-- [ RunTime:0.001576s ]
INFO: [ view_end ] --START--
INFO: ShowPageTrace Behavior ::run [ RunTime:0.000180s ]
INFO: [ view_end ] --END-- [ RunTime:0.000270s ]

[ 2013-09-27T17:26:18+08:00 ] 0.0.0.0 /DM/index.php/Admin
INFO: [ route_check ] --START--
INFO: CheckRoute Behavior ::run [ RunTime:0.000194s ]
INFO: [ route_check ] --END-- [ RunTime:0.000321s ]
INFO: [ app_begin ] --START--
INFO: ReadHtmlCache Behavior ::run [ RunTime:0.000192s ]
INFO: [ app_begin ] --END-- [ RunTime:0.000294s ]
INFO: [ view_parse ] --START--
INFO: ParseTemplate Behavior ::run [ RunTime:0.020234s ]
INFO: [ view_parse ] --END-- [ RunTime:0.020372s ]
INFO: [ view_filter ] --START--
INFO: ContentReplace Behavior ::run [ RunTime:0.000852s ]
INFO: TokenBuild Behavior ::run [ RunTime:0.000215s ]
INFO: WriteHtmlCache Behavior ::run [ RunTime:0.000104s ]
INFO: ShowRuntime Behavior ::run [ RunTime:0.000222s ]
INFO: [ view_filter ] --END-- [ RunTime:0.001672s ]
INFO: [ view_end ] --START--
INFO: ShowPageTrace Behavior ::run [ RunTime:0.000181s ]
INFO: [ view_end ] --END-- [ RunTime:0.000274s ]

[ 2013-09-27T17:26:18+08:00 ] 0.0.0.0 /DM/index.php/Admin/Rbac/node.html
INFO: [ route_check ] --START--
INFO: CheckRoute Behavior ::run [ RunTime:0.000418s ]
INFO: [ route_check ] --END-- [ RunTime:0.000694s ]
INFO: [ app_begin ] --START--
INFO: ReadHtmlCache Behavior ::run [ RunTime:0.000199s ]
INFO: [ app_begin ] --END-- [ RunTime:0.000317s ]
SQL: SHOW COLUMNS FROM `think_node` [ RunTime:0.002744s ]
SQL: SELECT * FROM `think_node` ORDER BY sort  [ RunTime:0.000259s ]
INFO: [ view_parse ] --START--
INFO: ParseTemplate Behavior ::run [ RunTime:0.012571s ]
INFO: [ view_parse ] --END-- [ RunTime:0.012696s ]
INFO: [ view_filter ] --START--
INFO: ContentReplace Behavior ::run [ RunTime:0.000249s ]
INFO: TokenBuild Behavior ::run [ RunTime:0.000169s ]
INFO: WriteHtmlCache Behavior ::run [ RunTime:0.000098s ]
INFO: ShowRuntime Behavior ::run [ RunTime:0.000214s ]
INFO: [ view_filter ] --END-- [ RunTime:0.000981s ]
INFO: [ view_end ] --START--
INFO: ShowPageTrace Behavior ::run [ RunTime:0.000179s ]
INFO: [ view_end ] --END-- [ RunTime:0.000275s ]

[ 2013-09-27T17:26:19+08:00 ] 0.0.0.0 /DM/index.php/Admin/Rbac/role.html
INFO: [ route_check ] --START--
INFO: CheckRoute Behavior ::run [ RunTime:0.000202s ]
INFO: [ route_check ] --END-- [ RunTime:0.000376s ]
INFO: [ app_begin ] --START--
INFO: ReadHtmlCache Behavior ::run [ RunTime:0.000192s ]
INFO: [ app_begin ] --END-- [ RunTime:0.000294s ]
SQL: SHOW COLUMNS FROM `think_role` [ RunTime:0.002483s ]
SQL: SELECT * FROM `think_role`  [ RunTime:0.000220s ]
INFO: [ view_parse ] --START--
INFO: ParseTemplate Behavior ::run [ RunTime:0.005877s ]
INFO: [ view_parse ] --END-- [ RunTime:0.006007s ]
INFO: [ view_filter ] --START--
INFO: ContentReplace Behavior ::run [ RunTime:0.000215s ]
INFO: TokenBuild Behavior ::run [ RunTime:0.000165s ]
INFO: WriteHtmlCache Behavior ::run [ RunTime:0.000093s ]
INFO: ShowRuntime Behavior ::run [ RunTime:0.000201s ]
INFO: [ view_filter ] --END-- [ RunTime:0.000916s ]
INFO: [ view_end ] --START--
INFO: ShowPageTrace Behavior ::run [ RunTime:0.000183s ]
INFO: [ view_end ] --END-- [ RunTime:0.000279s ]

[ 2013-09-27T17:26:20+08:00 ] 0.0.0.0 /DM/index.php/Admin/Rbac/addRole.html
INFO: [ route_check ] --START--
INFO: CheckRoute Behavior ::run [ RunTime:0.000175s ]
INFO: [ route_check ] --END-- [ RunTime:0.000310s ]
INFO: [ app_begin ] --START--
INFO: ReadHtmlCache Behavior ::run [ RunTime:0.000168s ]
INFO: [ app_begin ] --END-- [ RunTime:0.000258s ]
INFO: [ view_parse ] --START--
INFO: ParseTemplate Behavior ::run [ RunTime:0.004302s ]
INFO: [ view_parse ] --END-- [ RunTime:0.004438s ]
INFO: [ view_filter ] --START--
INFO: ContentReplace Behavior ::run [ RunTime:0.000207s ]
INFO: TokenBuild Behavior ::run [ RunTime:0.000167s ]
INFO: WriteHtmlCache Behavior ::run [ RunTime:0.000095s ]
INFO: ShowRuntime Behavior ::run [ RunTime:0.000229s ]
INFO: [ view_filter ] --END-- [ RunTime:0.000951s ]
INFO: [ view_end ] --START--
INFO: ShowPageTrace Behavior ::run [ RunTime:0.000164s ]
INFO: [ view_end ] --END-- [ RunTime:0.000257s ]

[ 2013-09-27T17:26:42+08:00 ] 0.0.0.0 /DM/index.php/Admin/Rbac/addRoleHandle.html
INFO: [ route_check ] --START--
INFO: CheckRoute Behavior ::run [ RunTime:0.000197s ]
INFO: [ route_check ] --END-- [ RunTime:0.000334s ]
INFO: [ app_begin ] --START--
INFO: ReadHtmlCache Behavior ::run [ RunTime:0.000179s ]
INFO: [ app_begin ] --END-- [ RunTime:0.000273s ]
SQL: SHOW COLUMNS FROM `think_role` [ RunTime:0.002597s ]
SQL: INSERT INTO `think_role` (`name`,`remark`,`status`) VALUES ('commonuser','普通会员',1) [ RunTime:0.000212s ]
INFO: [ view_parse ] --START--
INFO: ParseTemplate Behavior ::run [ RunTime:0.004391s ]
INFO: [ view_parse ] --END-- [ RunTime:0.004519s ]
INFO: [ view_filter ] --START--
INFO: ContentReplace Behavior ::run [ RunTime:0.000210s ]
INFO: TokenBuild Behavior ::run [ RunTime:0.000170s ]
INFO: WriteHtmlCache Behavior ::run [ RunTime:0.000097s ]
INFO: ShowRuntime Behavior ::run [ RunTime:0.000208s ]
INFO: [ view_filter ] --END-- [ RunTime:0.000924s ]
INFO: [ view_end ] --START--
INFO: ShowPageTrace Behavior ::run [ RunTime:0.000163s ]
INFO: [ view_end ] --END-- [ RunTime:0.000249s ]

[ 2013-09-27T17:26:43+08:00 ] 0.0.0.0 /DM/index.php/Admin/Rbac/role.html
INFO: [ route_check ] --START--
INFO: CheckRoute Behavior ::run [ RunTime:0.000178s ]
INFO: [ route_check ] --END-- [ RunTime:0.000312s ]
INFO: [ app_begin ] --START--
INFO: ReadHtmlCache Behavior ::run [ RunTime:0.000171s ]
INFO: [ app_begin ] --END-- [ RunTime:0.000265s ]
SQL: SHOW COLUMNS FROM `think_role` [ RunTime:0.002853s ]
SQL: SELECT * FROM `think_role`  [ RunTime:0.000213s ]
INFO: [ view_parse ] --START--
INFO: ParseTemplate Behavior ::run [ RunTime:0.008844s ]
INFO: [ view_parse ] --END-- [ RunTime:0.008971s ]
INFO: [ view_filter ] --START--
INFO: ContentReplace Behavior ::run [ RunTime:0.000218s ]
INFO: TokenBuild Behavior ::run [ RunTime:0.000174s ]
INFO: WriteHtmlCache Behavior ::run [ RunTime:0.000105s ]
INFO: ShowRuntime Behavior ::run [ RunTime:0.000701s ]
INFO: [ view_filter ] --END-- [ RunTime:0.001457s ]
INFO: [ view_end ] --START--
INFO: ShowPageTrace Behavior ::run [ RunTime:0.000270s ]
INFO: [ view_end ] --END-- [ RunTime:0.000767s ]

[ 2013-09-27T17:26:44+08:00 ] 0.0.0.0 /DM/index.php/Admin/Rbac/role.html
INFO: [ route_check ] --START--
INFO: CheckRoute Behavior ::run [ RunTime:0.000182s ]
INFO: [ route_check ] --END-- [ RunTime:0.000319s ]
INFO: [ app_begin ] --START--
INFO: ReadHtmlCache Behavior ::run [ RunTime:0.000174s ]
INFO: [ app_begin ] --END-- [ RunTime:0.000268s ]
SQL: SHOW COLUMNS FROM `think_role` [ RunTime:0.011310s ]
SQL: SELECT * FROM `think_role`  [ RunTime:0.000233s ]
INFO: [ view_parse ] --START--
INFO: ParseTemplate Behavior ::run [ RunTime:0.006168s ]
INFO: [ view_parse ] --END-- [ RunTime:0.006287s ]
INFO: [ view_filter ] --START--
INFO: ContentReplace Behavior ::run [ RunTime:0.000196s ]
INFO: TokenBuild Behavior ::run [ RunTime:0.000184s ]
INFO: WriteHtmlCache Behavior ::run [ RunTime:0.000096s ]
INFO: ShowRuntime Behavior ::run [ RunTime:0.000206s ]
INFO: [ view_filter ] --END-- [ RunTime:0.000934s ]
INFO: [ view_end ] --START--
INFO: ShowPageTrace Behavior ::run [ RunTime:0.000165s ]
INFO: [ view_end ] --END-- [ RunTime:0.000254s ]

[ 2013-09-27T17:26:44+08:00 ] 0.0.0.0 /DM/index.php/Admin/Rbac/role.html
INFO: [ route_check ] --START--
INFO: CheckRoute Behavior ::run [ RunTime:0.000177s ]
INFO: [ route_check ] --END-- [ RunTime:0.000308s ]
INFO: [ app_begin ] --START--
INFO: ReadHtmlCache Behavior ::run [ RunTime:0.000211s ]
INFO: [ app_begin ] --END-- [ RunTime:0.000326s ]
SQL: SHOW COLUMNS FROM `think_role` [ RunTime:0.002431s ]
SQL: SELECT * FROM `think_role`  [ RunTime:0.000248s ]
INFO: [ view_parse ] --START--
INFO: ParseTemplate Behavior ::run [ RunTime:0.006130s ]
INFO: [ view_parse ] --END-- [ RunTime:0.006254s ]
INFO: [ view_filter ] --START--
INFO: ContentReplace Behavior ::run [ RunTime:0.000209s ]
INFO: TokenBuild Behavior ::run [ RunTime:0.000172s ]
INFO: WriteHtmlCache Behavior ::run [ RunTime:0.000095s ]
INFO: ShowRuntime Behavior ::run [ RunTime:0.000202s ]
INFO: [ view_filter ] --END-- [ RunTime:0.000923s ]
INFO: [ view_end ] --START--
INFO: ShowPageTrace Behavior ::run [ RunTime:0.000172s ]
INFO: [ view_end ] --END-- [ RunTime:0.000262s ]

